

Started GET "/" for 127.0.0.1 at 2015-05-14 23:02:27 +0200
[Rollbar] Reporting exception: FATAL:  database "flashcards_course_development" does not exist
Run `$ bin/rake db:create db:migrate` to create your database
[Rollbar] Scheduling payload
[Rollbar] Sending payload
[Rollbar] Got unexpected status code from Rollbar api: 400
[Rollbar] Response: {
  "err": 1,
  "message": "access token required"
}
[Rollbar] Details: https://rollbar.com/instance/uuid?uuid=6688723a-dbe8-49d3-81cf-e5f3f9d0d44e (only available if report was successful)
[Rollbar] Exception uuid saved in env: 6688723a-dbe8-49d3-81cf-e5f3f9d0d44e

ActiveRecord::NoDatabaseError (FATAL:  database "flashcards_course_development" does not exist
Run `$ bin/rake db:create db:migrate` to create your database):
  activerecord (4.1.9) lib/active_record/connection_adapters/postgresql_adapter.rb:898:in `rescue in connect'
  activerecord (4.1.9) lib/active_record/connection_adapters/postgresql_adapter.rb:888:in `connect'
  activerecord (4.1.9) lib/active_record/connection_adapters/postgresql_adapter.rb:568:in `initialize'
  activerecord (4.1.9) lib/active_record/connection_adapters/postgresql_adapter.rb:41:in `new'
  activerecord (4.1.9) lib/active_record/connection_adapters/postgresql_adapter.rb:41:in `postgresql_connection'
  activerecord (4.1.9) lib/active_record/connection_adapters/abstract/connection_pool.rb:435:in `new_connection'
  activerecord (4.1.9) lib/active_record/connection_adapters/abstract/connection_pool.rb:445:in `checkout_new_connection'
  activerecord (4.1.9) lib/active_record/connection_adapters/abstract/connection_pool.rb:416:in `acquire_connection'
  activerecord (4.1.9) lib/active_record/connection_adapters/abstract/connection_pool.rb:351:in `block in checkout'
  /Users/kirillshirinkin/.rbenv/versions/2.1.4/lib/ruby/2.1.0/monitor.rb:211:in `mon_synchronize'
  activerecord (4.1.9) lib/active_record/connection_adapters/abstract/connection_pool.rb:350:in `checkout'
  activerecord (4.1.9) lib/active_record/connection_adapters/abstract/connection_pool.rb:265:in `block in connection'
  /Users/kirillshirinkin/.rbenv/versions/2.1.4/lib/ruby/2.1.0/monitor.rb:211:in `mon_synchronize'
  activerecord (4.1.9) lib/active_record/connection_adapters/abstract/connection_pool.rb:264:in `connection'
  activerecord (4.1.9) lib/active_record/connection_adapters/abstract/connection_pool.rb:541:in `retrieve_connection'
  activerecord (4.1.9) lib/active_record/connection_handling.rb:113:in `retrieve_connection'
  activerecord (4.1.9) lib/active_record/connection_handling.rb:87:in `connection'
  activerecord (4.1.9) lib/active_record/migration.rb:388:in `check_pending!'
  activerecord (4.1.9) lib/active_record/migration.rb:377:in `call'
  newrelic_rpm (3.11.2.286) lib/new_relic/agent/instrumentation/middleware_tracing.rb:67:in `call'
  actionpack (4.1.9) lib/action_dispatch/middleware/callbacks.rb:29:in `block in call'
  activesupport (4.1.9) lib/active_support/callbacks.rb:82:in `run_callbacks'
  actionpack (4.1.9) lib/action_dispatch/middleware/callbacks.rb:27:in `call'
  newrelic_rpm (3.11.2.286) lib/new_relic/agent/instrumentation/middleware_tracing.rb:67:in `call'
  actionpack (4.1.9) lib/action_dispatch/middleware/reloader.rb:73:in `call'
  newrelic_rpm (3.11.2.286) lib/new_relic/agent/instrumentation/middleware_tracing.rb:67:in `call'
  actionpack (4.1.9) lib/action_dispatch/middleware/remote_ip.rb:76:in `call'
  newrelic_rpm (3.11.2.286) lib/new_relic/agent/instrumentation/middleware_tracing.rb:67:in `call'
  rollbar (1.5.0) lib/rollbar/middleware/rails/rollbar.rb:24:in `block in call'
  rollbar (1.5.0) lib/rollbar.rb:761:in `scoped'
  rollbar (1.5.0) lib/rollbar/middleware/rails/rollbar.rb:22:in `call'
  newrelic_rpm (3.11.2.286) lib/new_relic/agent/instrumentation/middleware_tracing.rb:67:in `call'
  actionpack (4.1.9) lib/action_dispatch/middleware/debug_exceptions.rb:17:in `call'
  rollbar (1.5.0) lib/rollbar/middleware/rails/show_exceptions.rb:22:in `call_with_rollbar'
  newrelic_rpm (3.11.2.286) lib/new_relic/agent/instrumentation/middleware_tracing.rb:67:in `call'
  actionpack (4.1.9) lib/action_dispatch/middleware/show_exceptions.rb:30:in `call'
  newrelic_rpm (3.11.2.286) lib/new_relic/agent/instrumentation/middleware_tracing.rb:67:in `call'
  railties (4.1.9) lib/rails/rack/logger.rb:38:in `call_app'
  railties (4.1.9) lib/rails/rack/logger.rb:20:in `block in call'
  activesupport (4.1.9) lib/active_support/tagged_logging.rb:68:in `block in tagged'
  activesupport (4.1.9) lib/active_support/tagged_logging.rb:26:in `tagged'
  activesupport (4.1.9) lib/active_support/tagged_logging.rb:68:in `tagged'
  railties (4.1.9) lib/rails/rack/logger.rb:20:in `call'
  newrelic_rpm (3.11.2.286) lib/new_relic/agent/instrumentation/middleware_tracing.rb:67:in `call'
  actionpack (4.1.9) lib/action_dispatch/middleware/request_id.rb:21:in `call'
  newrelic_rpm (3.11.2.286) lib/new_relic/agent/instrumentation/middleware_tracing.rb:67:in `call'
  rack (1.5.2) lib/rack/methodoverride.rb:21:in `call'
  newrelic_rpm (3.11.2.286) lib/new_relic/agent/instrumentation/middleware_tracing.rb:67:in `call'
  rack (1.5.2) lib/rack/runtime.rb:17:in `call'
  newrelic_rpm (3.11.2.286) lib/new_relic/agent/instrumentation/middleware_tracing.rb:67:in `call'
  activesupport (4.1.9) lib/active_support/cache/strategy/local_cache_middleware.rb:26:in `call'
  newrelic_rpm (3.11.2.286) lib/new_relic/agent/instrumentation/middleware_tracing.rb:67:in `call'
  rack (1.5.2) lib/rack/lock.rb:17:in `call'
  newrelic_rpm (3.11.2.286) lib/new_relic/agent/instrumentation/middleware_tracing.rb:67:in `call'
  actionpack (4.1.9) lib/action_dispatch/middleware/static.rb:84:in `call'
  newrelic_rpm (3.11.2.286) lib/new_relic/agent/instrumentation/middleware_tracing.rb:67:in `call'
  rack (1.5.2) lib/rack/sendfile.rb:112:in `call'
  newrelic_rpm (3.11.2.286) lib/new_relic/agent/instrumentation/middleware_tracing.rb:67:in `call'
  railties (4.1.9) lib/rails/engine.rb:514:in `call'
  railties (4.1.9) lib/rails/application.rb:144:in `call'
  newrelic_rpm (3.11.2.286) lib/new_relic/agent/instrumentation/middleware_tracing.rb:67:in `call'
  rack (1.5.2) lib/rack/lock.rb:17:in `call'
  rack (1.5.2) lib/rack/content_length.rb:14:in `call'
  rack (1.5.2) lib/rack/handler/webrick.rb:60:in `service'
  /Users/kirillshirinkin/.rbenv/versions/2.1.4/lib/ruby/2.1.0/webrick/httpserver.rb:138:in `service'
  /Users/kirillshirinkin/.rbenv/versions/2.1.4/lib/ruby/2.1.0/webrick/httpserver.rb:94:in `run'
  /Users/kirillshirinkin/.rbenv/versions/2.1.4/lib/ruby/2.1.0/webrick/server.rb:295:in `block in start_thread'


  Rendered /Users/kirillshirinkin/.rbenv/versions/2.1.4/lib/ruby/gems/2.1.0/gems/actionpack-4.1.9/lib/action_dispatch/middleware/templates/rescues/_source.erb (1.2ms)
  Rendered /Users/kirillshirinkin/.rbenv/versions/2.1.4/lib/ruby/gems/2.1.0/gems/actionpack-4.1.9/lib/action_dispatch/middleware/templates/rescues/_trace.html.erb (1.6ms)
  Rendered /Users/kirillshirinkin/.rbenv/versions/2.1.4/lib/ruby/gems/2.1.0/gems/actionpack-4.1.9/lib/action_dispatch/middleware/templates/rescues/_request_and_response.html.erb (1.4ms)
  Rendered /Users/kirillshirinkin/.rbenv/versions/2.1.4/lib/ruby/gems/2.1.0/gems/actionpack-4.1.9/lib/action_dispatch/middleware/templates/rescues/diagnostics.erb within rescues/layout (24.4ms)
  [1m[36m (14.8ms)[0m  [1mCREATE TABLE "schema_migrations" ("version" character varying(255) NOT NULL) [0m
  [1m[35m (4.8ms)[0m  CREATE UNIQUE INDEX  "unique_schema_migrations" ON "schema_migrations"  ("version")
  [1m[36mActiveRecord::SchemaMigration Load (0.3ms)[0m  [1mSELECT "schema_migrations".* FROM "schema_migrations"[0m
Migrating to CreateCards (20150324181429)
  [1m[35m (0.1ms)[0m  BEGIN
  [1m[36m (8.1ms)[0m  [1mCREATE TABLE "cards" ("id" serial primary key, "original" text, "translated" text, "review" date, "created_at" timestamp, "updated_at" timestamp) [0m
  [1m[35mSQL (0.3ms)[0m  INSERT INTO "schema_migrations" ("version") VALUES ($1)  [["version", "20150324181429"]]
  [1m[36m (0.4ms)[0m  [1mCOMMIT[0m
Migrating to RenameOriginalFromCards (20150325070602)
  [1m[35m (0.3ms)[0m  BEGIN
  [1m[36m (1.3ms)[0m  [1mALTER TABLE "cards" RENAME COLUMN "original" TO "original_text"[0m
  [1m[35m (0.2ms)[0m  ALTER TABLE "cards" RENAME COLUMN "translated" TO "translated_text"
  [1m[36m (0.2ms)[0m  [1mALTER TABLE "cards" RENAME COLUMN "review" TO "review_date"[0m
  [1m[35mSQL (0.2ms)[0m  INSERT INTO "schema_migrations" ("version") VALUES ($1)  [["version", "20150325070602"]]
  [1m[36m (0.3ms)[0m  [1mCOMMIT[0m
Migrating to CreateUsers (20150327203129)
  [1m[35m (0.1ms)[0m  BEGIN
  [1m[36m (3.7ms)[0m  [1mCREATE TABLE "users" ("id" serial primary key, "email" character varying(255), "password" character varying(255), "created_at" timestamp, "updated_at" timestamp) [0m
  [1m[35mSQL (0.2ms)[0m  INSERT INTO "schema_migrations" ("version") VALUES ($1)  [["version", "20150327203129"]]
  [1m[36m (1.8ms)[0m  [1mCOMMIT[0m
Migrating to AddUserIdToCards (20150327203526)
  [1m[35m (0.3ms)[0m  BEGIN
  [1m[36m (1.1ms)[0m  [1mALTER TABLE "cards" ADD COLUMN "user_id" integer[0m
  [1m[35mSQL (0.2ms)[0m  INSERT INTO "schema_migrations" ("version") VALUES ($1)  [["version", "20150327203526"]]
  [1m[36m (0.4ms)[0m  [1mCOMMIT[0m
Migrating to ChangeUserIdFieldFromCards (20150327220548)
  [1m[35m (0.1ms)[0m  BEGIN
  [1m[36m (0.4ms)[0m  [1mALTER TABLE "cards" ALTER COLUMN "user_id" TYPE integer[0m
  [1m[35m (0.2ms)[0m  ALTER TABLE "cards" ALTER "user_id" SET NOT NULL
  [1m[36mSQL (0.2ms)[0m  [1mINSERT INTO "schema_migrations" ("version") VALUES ($1)[0m  [["version", "20150327220548"]]
  [1m[35m (0.3ms)[0m  COMMIT
Migrating to SorceryCore (20150329103805)
  [1m[36m (0.1ms)[0m  [1mBEGIN[0m
  [1m[35m (0.3ms)[0m  ALTER TABLE "users" ALTER COLUMN "email" TYPE character varying(255)
  [1m[36m (0.2ms)[0m  [1mALTER TABLE "users" ALTER "email" SET NOT NULL[0m
  [1m[35m (0.2ms)[0m  ALTER TABLE "users" RENAME COLUMN "password" TO "crypted_password"
  [1m[36m (0.4ms)[0m  [1mALTER TABLE "users" ADD COLUMN "salt" character varying(255)[0m
  [1m[35m (1.3ms)[0m  CREATE UNIQUE INDEX  "index_users_on_email" ON "users"  ("email")
  [1m[36mSQL (0.1ms)[0m  [1mINSERT INTO "schema_migrations" ("version") VALUES ($1)[0m  [["version", "20150329103805"]]
  [1m[35m (0.4ms)[0m  COMMIT
Migrating to SorceryRememberMe (20150329103806)
  [1m[36m (0.1ms)[0m  [1mBEGIN[0m
  [1m[35m (0.4ms)[0m  ALTER TABLE "users" ADD COLUMN "remember_me_token" character varying(255)
  [1m[36m (0.3ms)[0m  [1mALTER TABLE "users" ADD COLUMN "remember_me_token_expires_at" timestamp[0m
  [1m[35m (0.9ms)[0m  CREATE  INDEX  "index_users_on_remember_me_token" ON "users"  ("remember_me_token")
  [1m[36mSQL (0.1ms)[0m  [1mINSERT INTO "schema_migrations" ("version") VALUES ($1)[0m  [["version", "20150329103806"]]
  [1m[35m (0.3ms)[0m  COMMIT
Migrating to SorceryResetPassword (20150329103807)
  [1m[36m (0.1ms)[0m  [1mBEGIN[0m
  [1m[35m (0.5ms)[0m  ALTER TABLE "users" ADD COLUMN "reset_password_token" character varying(255)
  [1m[36m (0.3ms)[0m  [1mALTER TABLE "users" ADD COLUMN "reset_password_token_expires_at" timestamp[0m
  [1m[35m (0.2ms)[0m  ALTER TABLE "users" ADD COLUMN "reset_password_email_sent_at" timestamp
  [1m[36m (1.0ms)[0m  [1mCREATE  INDEX  "index_users_on_reset_password_token" ON "users"  ("reset_password_token")[0m
  [1m[35mSQL (0.4ms)[0m  INSERT INTO "schema_migrations" ("version") VALUES ($1)  [["version", "20150329103807"]]
  [1m[36m (0.5ms)[0m  [1mCOMMIT[0m
Migrating to SorceryExternal (20150329171607)
  [1m[35m (0.1ms)[0m  BEGIN
  [1m[36m (5.4ms)[0m  [1mCREATE TABLE "authentications" ("id" serial primary key, "user_id" integer NOT NULL, "provider" character varying(255) NOT NULL, "uid" character varying(255) NOT NULL, "created_at" timestamp, "updated_at" timestamp) [0m
  [1m[35m (1.1ms)[0m  CREATE  INDEX  "index_authentications_on_provider_and_uid" ON "authentications"  ("provider", "uid")
  [1m[36mSQL (0.1ms)[0m  [1mINSERT INTO "schema_migrations" ("version") VALUES ($1)[0m  [["version", "20150329171607"]]
  [1m[35m (0.5ms)[0m  COMMIT
Migrating to ChangeEmailTypeFromUsers (20150329200538)
  [1m[36m (0.3ms)[0m  [1mBEGIN[0m
  [1m[35m (2.8ms)[0m  ALTER TABLE "users" ALTER COLUMN "email" TYPE character varying(255)
  [1m[36m (0.2ms)[0m  [1mALTER TABLE "users" ALTER "email" DROP NOT NULL[0m
  [1m[35mSQL (0.1ms)[0m  INSERT INTO "schema_migrations" ("version") VALUES ($1)  [["version", "20150329200538"]]
  [1m[36m (0.3ms)[0m  [1mCOMMIT[0m
Migrating to AddImageToCards (20150330165146)
  [1m[35m (0.2ms)[0m  BEGIN
  [1m[36m (0.3ms)[0m  [1mALTER TABLE "cards" ADD COLUMN "image" character varying(255)[0m
  [1m[35mSQL (0.1ms)[0m  INSERT INTO "schema_migrations" ("version") VALUES ($1)  [["version", "20150330165146"]]
  [1m[36m (0.4ms)[0m  [1mCOMMIT[0m
Migrating to CreateBlocks (20150330194042)
  [1m[35m (0.1ms)[0m  BEGIN
  [1m[36m (3.7ms)[0m  [1mCREATE TABLE "blocks" ("id" serial primary key, "title" character varying(255) NOT NULL, "created_at" timestamp, "updated_at" timestamp) [0m
  [1m[35mSQL (0.2ms)[0m  INSERT INTO "schema_migrations" ("version") VALUES ($1)  [["version", "20150330194042"]]
  [1m[36m (0.4ms)[0m  [1mCOMMIT[0m
Migrating to AddBlockIdToCards (20150330194306)
  [1m[35m (0.3ms)[0m  BEGIN
  [1m[36m (0.4ms)[0m  [1mALTER TABLE "cards" ADD COLUMN "block_id" integer NOT NULL[0m
  [1m[35mSQL (0.1ms)[0m  INSERT INTO "schema_migrations" ("version") VALUES ($1)  [["version", "20150330194306"]]
  [1m[36m (0.4ms)[0m  [1mCOMMIT[0m
Migrating to AddCurrentBlockToUsers (20150330194536)
  [1m[35m (0.1ms)[0m  BEGIN
  [1m[36m (0.3ms)[0m  [1mALTER TABLE "users" ADD COLUMN "current_block" integer[0m
  [1m[35mSQL (0.1ms)[0m  INSERT INTO "schema_migrations" ("version") VALUES ($1)  [["version", "20150330194536"]]
  [1m[36m (0.4ms)[0m  [1mCOMMIT[0m
Migrating to AddUserIdToBlocks (20150330200230)
  [1m[35m (0.1ms)[0m  BEGIN
  [1m[36m (0.3ms)[0m  [1mALTER TABLE "blocks" ADD COLUMN "user_id" integer NOT NULL[0m
  [1m[35mSQL (0.1ms)[0m  INSERT INTO "schema_migrations" ("version") VALUES ($1)  [["version", "20150330200230"]]
  [1m[36m (0.4ms)[0m  [1mCOMMIT[0m
Migrating to RenameCurrentBlockToCurrentBlockIdFromUsers (20150331102819)
  [1m[35m (0.1ms)[0m  BEGIN
  [1m[36m (0.2ms)[0m  [1mALTER TABLE "users" RENAME COLUMN "current_block" TO "current_block_id"[0m
  [1m[35mSQL (0.1ms)[0m  INSERT INTO "schema_migrations" ("version") VALUES ($1)  [["version", "20150331102819"]]
  [1m[36m (0.3ms)[0m  [1mCOMMIT[0m
Migrating to AddReviewStepToCards (20150401155428)
  [1m[35m (0.3ms)[0m  BEGIN
  [1m[36m (1.2ms)[0m  [1mALTER TABLE "cards" ADD COLUMN "review_step" integer[0m
  [1m[35mSQL (0.1ms)[0m  INSERT INTO "schema_migrations" ("version") VALUES ($1)  [["version", "20150401155428"]]
  [1m[36m (0.3ms)[0m  [1mCOMMIT[0m
Migrating to ChangeReviewStepForCards (20150401155753)
  [1m[35m (0.1ms)[0m  BEGIN
  [1m[36m (0.3ms)[0m  [1mALTER TABLE "cards" ALTER COLUMN "review_step" TYPE integer[0m
  [1m[35m (0.4ms)[0m  ALTER TABLE "cards" ALTER COLUMN "review_step" SET DEFAULT 0
  [1m[36m (0.5ms)[0m  [1mUPDATE "cards" SET "review_step"=0 WHERE "review_step" IS NULL[0m
  [1m[35m (0.3ms)[0m  ALTER TABLE "cards" ALTER "review_step" SET NOT NULL
  [1m[36mSQL (0.1ms)[0m  [1mINSERT INTO "schema_migrations" ("version") VALUES ($1)[0m  [["version", "20150401155753"]]
  [1m[35m (0.4ms)[0m  COMMIT
Migrating to ChangeReviewDateForCards (20150401160441)
  [1m[36m (0.1ms)[0m  [1mBEGIN[0m
  [1m[35m (5.4ms)[0m  ALTER TABLE "cards" ALTER COLUMN "review_date" TYPE timestamp
  [1m[36m (0.2ms)[0m  [1mALTER TABLE "cards" ALTER "review_date" SET NOT NULL[0m
  [1m[35m (0.4ms)[0m  ALTER TABLE "cards" ALTER COLUMN "review_step" TYPE integer
  [1m[36m (0.3ms)[0m  [1mALTER TABLE "cards" ALTER COLUMN "review_step" SET DEFAULT 1[0m
  [1m[35m (0.2ms)[0m  UPDATE "cards" SET "review_step"=1 WHERE "review_step" IS NULL
  [1m[36m (0.1ms)[0m  [1mALTER TABLE "cards" ALTER "review_step" SET NOT NULL[0m
  [1m[35mSQL (0.2ms)[0m  INSERT INTO "schema_migrations" ("version") VALUES ($1)  [["version", "20150401160441"]]
  [1m[36m (0.9ms)[0m  [1mCOMMIT[0m
Migrating to AddReviewAttemptToCards (20150402104316)
  [1m[35m (0.2ms)[0m  BEGIN
  [1m[36m (4.9ms)[0m  [1mALTER TABLE "cards" ADD COLUMN "review_attempt" integer DEFAULT 1 NOT NULL[0m
  [1m[35mSQL (0.2ms)[0m  INSERT INTO "schema_migrations" ("version") VALUES ($1)  [["version", "20150402104316"]]
  [1m[36m (0.8ms)[0m  [1mCOMMIT[0m
Migrating to AddLocaleToUsers (20150403222932)
  [1m[35m (0.2ms)[0m  BEGIN
  [1m[36m (0.6ms)[0m  [1mALTER TABLE "users" ADD COLUMN "locale" character varying(255)[0m
  [1m[35mSQL (0.2ms)[0m  INSERT INTO "schema_migrations" ("version") VALUES ($1)  [["version", "20150403222932"]]
  [1m[36m (1.8ms)[0m  [1mCOMMIT[0m
Migrating to ChangeLocaleForUsers (20150404104501)
  [1m[35m (0.2ms)[0m  BEGIN
  [1m[36m (0.5ms)[0m  [1mALTER TABLE "users" ALTER COLUMN "locale" TYPE character varying(255)[0m
  [1m[35m (0.3ms)[0m  ALTER TABLE "users" ALTER COLUMN "locale" SET DEFAULT ''
  [1m[36m (0.6ms)[0m  [1mUPDATE "users" SET "locale"='' WHERE "locale" IS NULL[0m
  [1m[35m (0.2ms)[0m  ALTER TABLE "users" ALTER "locale" SET NOT NULL
  [1m[36mSQL (0.2ms)[0m  [1mINSERT INTO "schema_migrations" ("version") VALUES ($1)[0m  [["version", "20150404104501"]]
  [1m[35m (0.4ms)[0m  COMMIT
Migrating to ChangeLocaleDefaultForUsers (20150405115143)
  [1m[36m (0.1ms)[0m  [1mBEGIN[0m
  [1m[35m (0.6ms)[0m  ALTER TABLE "users" ALTER COLUMN "locale" TYPE character varying(255)
  [1m[36m (0.1ms)[0m  [1mALTER TABLE "users" ALTER "locale" DROP NOT NULL[0m
  [1m[35mSQL (0.1ms)[0m  INSERT INTO "schema_migrations" ("version") VALUES ($1)  [["version", "20150405115143"]]
  [1m[36m (0.3ms)[0m  [1mCOMMIT[0m
Migrating to ChangeLocaleNullForUsers (20150405165550)
  [1m[35m (0.1ms)[0m  BEGIN
  [1m[36m (0.6ms)[0m  [1mALTER TABLE "users" ALTER COLUMN "locale" TYPE character varying(255)[0m
  [1m[35m (0.3ms)[0m  ALTER TABLE "users" ALTER "locale" SET NOT NULL
  [1m[36mSQL (0.1ms)[0m  [1mINSERT INTO "schema_migrations" ("version") VALUES ($1)[0m  [["version", "20150405165550"]]
  [1m[35m (0.3ms)[0m  COMMIT
Migrating to ChangeLocaleDefaultFalseForUsers (20150405175629)
  [1m[36m (0.1ms)[0m  [1mBEGIN[0m
  [1m[35m (0.7ms)[0m  ALTER TABLE "users" ALTER COLUMN "locale" TYPE character varying(255)
  [1m[36m (0.4ms)[0m  [1mALTER TABLE "users" ALTER COLUMN "locale" SET DEFAULT NULL[0m
  [1m[35mSQL (0.1ms)[0m  INSERT INTO "schema_migrations" ("version") VALUES ($1)  [["version", "20150405175629"]]
  [1m[36m (0.6ms)[0m  [1mCOMMIT[0m
Migrating to ChangeLocaleNullTrueForUsers (20150405180053)
  [1m[35m (0.1ms)[0m  BEGIN
  [1m[36m (0.7ms)[0m  [1mALTER TABLE "users" ALTER COLUMN "locale" TYPE character varying(255)[0m
  [1m[35m (0.2ms)[0m  ALTER TABLE "users" ALTER "locale" DROP NOT NULL
  [1m[36mSQL (0.3ms)[0m  [1mINSERT INTO "schema_migrations" ("version") VALUES ($1)[0m  [["version", "20150405180053"]]
  [1m[35m (1.0ms)[0m  COMMIT
Migrating to ChangeFieldsForCards (20150406123839)
  [1m[36m (0.2ms)[0m  [1mBEGIN[0m
  [1m[35m (0.3ms)[0m  ALTER TABLE "cards" RENAME COLUMN "review_attempt" TO "quality"
  [1m[36m (0.2ms)[0m  [1mALTER TABLE "cards" RENAME COLUMN "review_step" TO "interval"[0m
  [1m[35m (0.6ms)[0m  ALTER TABLE "cards" ALTER COLUMN "quality" TYPE integer
  [1m[36m (0.3ms)[0m  [1mALTER TABLE "cards" ALTER COLUMN "quality" SET DEFAULT 5[0m
  [1m[35m (0.3ms)[0m  UPDATE "cards" SET "quality"=5 WHERE "quality" IS NULL
  [1m[36m (0.1ms)[0m  [1mALTER TABLE "cards" ALTER "quality" SET NOT NULL[0m
  [1m[35m (0.5ms)[0m  ALTER TABLE "cards" ALTER COLUMN "interval" TYPE integer
  [1m[36m (0.5ms)[0m  [1mALTER TABLE "cards" ALTER COLUMN "interval" SET DEFAULT 1[0m
  [1m[35m (0.4ms)[0m  UPDATE "cards" SET "interval"=1 WHERE "interval" IS NULL
  [1m[36m (0.2ms)[0m  [1mALTER TABLE "cards" ALTER "interval" SET NOT NULL[0m
  [1m[35m (5.9ms)[0m  ALTER TABLE "cards" ADD COLUMN "repeat" integer DEFAULT 1 NOT NULL
  [1m[36m (6.2ms)[0m  [1mALTER TABLE "cards" ADD COLUMN "efactor" float DEFAULT 2.5 NOT NULL[0m
  [1m[35mSQL (0.1ms)[0m  INSERT INTO "schema_migrations" ("version") VALUES ($1)  [["version", "20150406123839"]]
  [1m[36m (2.6ms)[0m  [1mCOMMIT[0m
Migrating to AddAttemptToCards (20150406143521)
  [1m[35m (0.3ms)[0m  BEGIN
  [1m[36m (4.0ms)[0m  [1mALTER TABLE "cards" ADD COLUMN "attempt" integer DEFAULT 1 NOT NULL[0m
  [1m[35mSQL (0.1ms)[0m  INSERT INTO "schema_migrations" ("version") VALUES ($1)  [["version", "20150406143521"]]
  [1m[36m (0.8ms)[0m  [1mCOMMIT[0m
Migrating to DeleteQualityFromCards (20150406175232)
  [1m[35m (0.3ms)[0m  BEGIN
  [1m[36m (0.7ms)[0m  [1mALTER TABLE "cards" DROP "quality"[0m
  [1m[35mSQL (0.1ms)[0m  INSERT INTO "schema_migrations" ("version") VALUES ($1)  [["version", "20150406175232"]]
  [1m[36m (0.3ms)[0m  [1mCOMMIT[0m
Migrating to AddQualityToCards (20150406175914)
  [1m[35m (0.1ms)[0m  BEGIN
  [1m[36m (4.8ms)[0m  [1mALTER TABLE "cards" ADD COLUMN "quality" integer DEFAULT 5 NOT NULL[0m
  [1m[35mSQL (0.1ms)[0m  INSERT INTO "schema_migrations" ("version") VALUES ($1)  [["version", "20150406175914"]]
  [1m[36m (0.9ms)[0m  [1mCOMMIT[0m
  [1m[35mActiveRecord::SchemaMigration Load (0.4ms)[0m  SELECT "schema_migrations".* FROM "schema_migrations"


Started GET "/" for 127.0.0.1 at 2015-05-14 23:03:28 +0200
  [1m[36mActiveRecord::SchemaMigration Load (0.5ms)[0m  [1mSELECT "schema_migrations".* FROM "schema_migrations"[0m
Processing by MainController#index as HTML
  Rendered main/index.html.erb within layouts/application (8.8ms)
  Rendered shared/_header.html.erb (2.7ms)
  Rendered shared/_alert_notice.html.erb (0.8ms)
Completed 200 OK in 1416ms (Views: 1404.2ms | ActiveRecord: 0.0ms)


Started GET "/assets/bootstrap.css?body=1" for 127.0.0.1 at 2015-05-14 23:03:30 +0200


Started GET "/assets/jquery_ujs.js?body=1" for 127.0.0.1 at 2015-05-14 23:03:30 +0200


Started GET "/assets/application.css?body=1" for 127.0.0.1 at 2015-05-14 23:03:30 +0200


Started GET "/assets/application.js?body=1" for 127.0.0.1 at 2015-05-14 23:03:30 +0200


Started GET "/assets/jquery.js?body=1" for 127.0.0.1 at 2015-05-14 23:03:30 +0200


Started GET "/" for ::1 at 2015-05-14 23:12:23 +0200
  [1m[36mActiveRecord::SchemaMigration Load (1.0ms)[0m  [1mSELECT "schema_migrations".* FROM "schema_migrations"[0m
[Rollbar] Reporting exception: The controller-level `respond_to' feature has been extracted to the `responders` gem. Add it to your Gemfile to continue using this feature:
  gem 'responders', '~> 2.0'
Consult the Rails upgrade guide for details.
[Rollbar] Scheduling payload
[Rollbar] Sending payload
[Rollbar] Got unexpected status code from Rollbar api: 400
[Rollbar] Response: {
  "err": 1,
  "message": "access token required"
}
[Rollbar] Details: https://rollbar.com/instance/uuid?uuid=dce17afe-41d8-4146-a134-6149e4c3ecd1 (only available if report was successful)
[Rollbar] Exception uuid saved in env: dce17afe-41d8-4146-a134-6149e4c3ecd1
[Rollbar] Reporting exception: The controller-level `respond_to' feature has been extracted to the `responders` gem. Add it to your Gemfile to continue using this feature:
  gem 'responders', '~> 2.0'
Consult the Rails upgrade guide for details.
[Rollbar] Scheduling payload
[Rollbar] Sending payload
[Rollbar] Got unexpected status code from Rollbar api: 400
[Rollbar] Response: {
  "err": 1,
  "message": "access token required"
}
[Rollbar] Details: https://rollbar.com/instance/uuid?uuid=150155bf-9b7c-49be-9385-dc5fdf7753fd (only available if report was successful)
[Rollbar] Exception uuid saved in env: 150155bf-9b7c-49be-9385-dc5fdf7753fd

ActionController::RoutingError (The controller-level `respond_to' feature has been extracted to the `responders` gem. Add it to your Gemfile to continue using this feature:
  gem 'responders', '~> 2.0'
Consult the Rails upgrade guide for details.):
  app/controllers/main_controller.rb:2:in `<class:MainController>'
  app/controllers/main_controller.rb:1:in `<top (required)>'


  Rendered /Users/kirillshirinkin/.rbenv/versions/2.1.4/lib/ruby/gems/2.1.0/gems/actionpack-4.2.1/lib/action_dispatch/middleware/templates/rescues/_trace.html.erb (6.5ms)
  Rendered /Users/kirillshirinkin/.rbenv/versions/2.1.4/lib/ruby/gems/2.1.0/gems/actionpack-4.2.1/lib/action_dispatch/middleware/templates/routes/_route.html.erb (17.5ms)
  Rendered /Users/kirillshirinkin/.rbenv/versions/2.1.4/lib/ruby/gems/2.1.0/gems/actionpack-4.2.1/lib/action_dispatch/middleware/templates/routes/_table.html.erb (19.4ms)
  Rendered /Users/kirillshirinkin/.rbenv/versions/2.1.4/lib/ruby/gems/2.1.0/gems/actionpack-4.2.1/lib/action_dispatch/middleware/templates/rescues/_request_and_response.html.erb (22.5ms)
  Rendered /Users/kirillshirinkin/.rbenv/versions/2.1.4/lib/ruby/gems/2.1.0/gems/actionpack-4.2.1/lib/action_dispatch/middleware/templates/rescues/routing_error.html.erb within rescues/layout (180.0ms)


Started GET "/" for ::1 at 2015-05-14 23:12:51 +0200
[Rollbar] Reporting exception: The controller-level `respond_to' feature has been extracted to the `responders` gem. Add it to your Gemfile to continue using this feature:
  gem 'responders', '~> 2.0'
Consult the Rails upgrade guide for details.
[Rollbar] Scheduling payload
[Rollbar] Sending payload
[Rollbar] Got unexpected status code from Rollbar api: 400
[Rollbar] Response: {
  "err": 1,
  "message": "access token required"
}
[Rollbar] Details: https://rollbar.com/instance/uuid?uuid=02cad139-c1dc-4573-8fa0-fc091e0c3e71 (only available if report was successful)
[Rollbar] Exception uuid saved in env: 02cad139-c1dc-4573-8fa0-fc091e0c3e71
[Rollbar] Reporting exception: The controller-level `respond_to' feature has been extracted to the `responders` gem. Add it to your Gemfile to continue using this feature:
  gem 'responders', '~> 2.0'
Consult the Rails upgrade guide for details.
[Rollbar] Scheduling payload
[Rollbar] Sending payload
[Rollbar] Got unexpected status code from Rollbar api: 400
[Rollbar] Response: {
  "err": 1,
  "message": "access token required"
}
[Rollbar] Details: https://rollbar.com/instance/uuid?uuid=b20da015-bbd9-4bd3-b592-1f4852635356 (only available if report was successful)
[Rollbar] Exception uuid saved in env: b20da015-bbd9-4bd3-b592-1f4852635356

ActionController::RoutingError (The controller-level `respond_to' feature has been extracted to the `responders` gem. Add it to your Gemfile to continue using this feature:
  gem 'responders', '~> 2.0'
Consult the Rails upgrade guide for details.):
  app/controllers/main_controller.rb:2:in `<class:MainController>'
  app/controllers/main_controller.rb:1:in `<top (required)>'


  Rendered /Users/kirillshirinkin/.rbenv/versions/2.1.4/lib/ruby/gems/2.1.0/gems/actionpack-4.2.1/lib/action_dispatch/middleware/templates/rescues/_trace.html.erb (7.2ms)
  Rendered /Users/kirillshirinkin/.rbenv/versions/2.1.4/lib/ruby/gems/2.1.0/gems/actionpack-4.2.1/lib/action_dispatch/middleware/templates/routes/_route.html.erb (16.2ms)
  Rendered /Users/kirillshirinkin/.rbenv/versions/2.1.4/lib/ruby/gems/2.1.0/gems/actionpack-4.2.1/lib/action_dispatch/middleware/templates/routes/_table.html.erb (3.5ms)
  Rendered /Users/kirillshirinkin/.rbenv/versions/2.1.4/lib/ruby/gems/2.1.0/gems/actionpack-4.2.1/lib/action_dispatch/middleware/templates/rescues/_request_and_response.html.erb (3.2ms)
  Rendered /Users/kirillshirinkin/.rbenv/versions/2.1.4/lib/ruby/gems/2.1.0/gems/actionpack-4.2.1/lib/action_dispatch/middleware/templates/rescues/routing_error.html.erb within rescues/layout (133.8ms)


Started GET "/" for ::1 at 2015-05-14 23:13:05 +0200
Processing by MainController#index as HTML
  Rendered main/index.html.erb within layouts/application (22.3ms)
  Rendered shared/_header.html.erb (8.3ms)
  Rendered shared/_alert_notice.html.erb (1.8ms)
Completed 200 OK in 1837ms (Views: 1827.8ms | ActiveRecord: 0.0ms)


Started GET "/assets/bootstrap.css?body=1" for ::1 at 2015-05-14 23:13:07 +0200


Started GET "/assets/jquery.js?body=1" for ::1 at 2015-05-14 23:13:07 +0200


Started GET "/assets/application.css?body=1" for ::1 at 2015-05-14 23:13:07 +0200


Started GET "/assets/jquery_ujs.js?body=1" for ::1 at 2015-05-14 23:13:07 +0200


Started GET "/assets/application.js?body=1" for ::1 at 2015-05-14 23:13:07 +0200


Started GET "/en/users/new" for ::1 at 2015-05-14 23:14:27 +0200
Processing by Home::UsersController#new as HTML
  Parameters: {"locale"=>"en"}
  Rendered home/users/_form.html.erb (85.3ms)
  Rendered home/users/new.html.erb within layouts/application (87.1ms)
  Rendered shared/_header.html.erb (1.2ms)
  Rendered shared/_alert_notice.html.erb (0.5ms)
Completed 200 OK in 151ms (Views: 110.7ms | ActiveRecord: 7.2ms)
[Rollbar] Scheduling payload
[Rollbar] Sending payload
[Rollbar] Got unexpected status code from Rollbar api: 400
[Rollbar] Response: {
  "err": 1,
  "message": "access token required"
}
[Rollbar] Details: https://rollbar.com/instance/uuid?uuid=9c77ecb0-f1c3-47d4-b4e4-25846851eac6 (only available if report was successful)
  [1m[36m (0.9ms)[0m  [1mDROP DATABASE IF EXISTS "flashcards_course_test"[0m
  [1m[35m (398.2ms)[0m  CREATE DATABASE "flashcards_course_test" ENCODING = 'utf8'
  [1m[36mSQL (2.0ms)[0m  [1mCREATE EXTENSION IF NOT EXISTS "plpgsql"[0m
  [1m[35m (13.1ms)[0m  CREATE TABLE "authentications" ("id" serial primary key, "user_id" integer NOT NULL, "provider" character varying NOT NULL, "uid" character varying NOT NULL, "created_at" timestamp, "updated_at" timestamp) 
  [1m[36m (1.5ms)[0m  [1mCREATE  INDEX  "index_authentications_on_provider_and_uid" ON "authentications" USING btree ("provider", "uid")[0m
  [1m[35m (4.5ms)[0m  CREATE TABLE "blocks" ("id" serial primary key, "title" character varying NOT NULL, "created_at" timestamp, "updated_at" timestamp, "user_id" integer NOT NULL) 
  [1m[36m (5.7ms)[0m  [1mCREATE TABLE "cards" ("id" serial primary key, "original_text" text, "translated_text" text, "review_date" timestamp NOT NULL, "created_at" timestamp, "updated_at" timestamp, "user_id" integer NOT NULL, "image" character varying, "block_id" integer NOT NULL, "interval" integer DEFAULT 1 NOT NULL, "repeat" integer DEFAULT 1 NOT NULL, "efactor" float DEFAULT 2.5 NOT NULL, "attempt" integer DEFAULT 1 NOT NULL, "quality" integer DEFAULT 5 NOT NULL) [0m
  [1m[35m (3.9ms)[0m  CREATE TABLE "users" ("id" serial primary key, "email" character varying, "crypted_password" character varying, "created_at" timestamp, "updated_at" timestamp, "salt" character varying, "remember_me_token" character varying, "remember_me_token_expires_at" timestamp, "reset_password_token" character varying, "reset_password_token_expires_at" timestamp, "reset_password_email_sent_at" timestamp, "current_block_id" integer, "locale" character varying) 
  [1m[36m (1.3ms)[0m  [1mCREATE UNIQUE INDEX  "index_users_on_email" ON "users" USING btree ("email")[0m
  [1m[35m (1.3ms)[0m  CREATE  INDEX  "index_users_on_remember_me_token" ON "users" USING btree ("remember_me_token")
  [1m[36m (1.3ms)[0m  [1mCREATE  INDEX  "index_users_on_reset_password_token" ON "users" USING btree ("reset_password_token")[0m
  [1m[35m (2.3ms)[0m  CREATE TABLE "schema_migrations" ("version" character varying NOT NULL) 
  [1m[36m (0.9ms)[0m  [1mCREATE UNIQUE INDEX  "unique_schema_migrations" ON "schema_migrations"  ("version")[0m
  [1m[35m (0.4ms)[0m  SELECT version FROM "schema_migrations"
  [1m[36m (0.6ms)[0m  [1mINSERT INTO "schema_migrations" (version) VALUES ('20150406175914')[0m
  [1m[35m (0.9ms)[0m  INSERT INTO "schema_migrations" (version) VALUES ('20150324181429')
  [1m[36m (0.4ms)[0m  [1mINSERT INTO "schema_migrations" (version) VALUES ('20150325070602')[0m
  [1m[35m (0.3ms)[0m  INSERT INTO "schema_migrations" (version) VALUES ('20150327203129')
  [1m[36m (0.3ms)[0m  [1mINSERT INTO "schema_migrations" (version) VALUES ('20150327203526')[0m
  [1m[35m (0.3ms)[0m  INSERT INTO "schema_migrations" (version) VALUES ('20150327220548')
  [1m[36m (0.3ms)[0m  [1mINSERT INTO "schema_migrations" (version) VALUES ('20150329103805')[0m
  [1m[35m (0.3ms)[0m  INSERT INTO "schema_migrations" (version) VALUES ('20150329103806')
  [1m[36m (0.4ms)[0m  [1mINSERT INTO "schema_migrations" (version) VALUES ('20150329103807')[0m
  [1m[35m (0.3ms)[0m  INSERT INTO "schema_migrations" (version) VALUES ('20150329171607')
  [1m[36m (0.3ms)[0m  [1mINSERT INTO "schema_migrations" (version) VALUES ('20150329200538')[0m
  [1m[35m (0.3ms)[0m  INSERT INTO "schema_migrations" (version) VALUES ('20150330165146')
  [1m[36m (0.3ms)[0m  [1mINSERT INTO "schema_migrations" (version) VALUES ('20150330194042')[0m
  [1m[35m (0.3ms)[0m  INSERT INTO "schema_migrations" (version) VALUES ('20150330194306')
  [1m[36m (0.4ms)[0m  [1mINSERT INTO "schema_migrations" (version) VALUES ('20150330194536')[0m
  [1m[35m (0.3ms)[0m  INSERT INTO "schema_migrations" (version) VALUES ('20150330200230')
  [1m[36m (0.3ms)[0m  [1mINSERT INTO "schema_migrations" (version) VALUES ('20150331102819')[0m
  [1m[35m (0.3ms)[0m  INSERT INTO "schema_migrations" (version) VALUES ('20150401155428')
  [1m[36m (0.3ms)[0m  [1mINSERT INTO "schema_migrations" (version) VALUES ('20150401155753')[0m
  [1m[35m (0.3ms)[0m  INSERT INTO "schema_migrations" (version) VALUES ('20150401160441')
  [1m[36m (0.2ms)[0m  [1mINSERT INTO "schema_migrations" (version) VALUES ('20150402104316')[0m
  [1m[35m (0.3ms)[0m  INSERT INTO "schema_migrations" (version) VALUES ('20150403222932')
  [1m[36m (0.3ms)[0m  [1mINSERT INTO "schema_migrations" (version) VALUES ('20150404104501')[0m
  [1m[35m (0.3ms)[0m  INSERT INTO "schema_migrations" (version) VALUES ('20150405115143')
  [1m[36m (0.2ms)[0m  [1mINSERT INTO "schema_migrations" (version) VALUES ('20150405165550')[0m
  [1m[35m (0.2ms)[0m  INSERT INTO "schema_migrations" (version) VALUES ('20150405175629')
  [1m[36m (0.2ms)[0m  [1mINSERT INTO "schema_migrations" (version) VALUES ('20150405180053')[0m
  [1m[35m (0.2ms)[0m  INSERT INTO "schema_migrations" (version) VALUES ('20150406123839')
  [1m[36m (0.2ms)[0m  [1mINSERT INTO "schema_migrations" (version) VALUES ('20150406143521')[0m
  [1m[35m (0.2ms)[0m  INSERT INTO "schema_migrations" (version) VALUES ('20150406175232')
  [1m[36mSQL (0.2ms)[0m  [1mCREATE EXTENSION IF NOT EXISTS "plpgsql"[0m
  [1m[35m (6.3ms)[0m  CREATE TABLE "authentications" ("id" serial primary key, "user_id" integer NOT NULL, "provider" character varying NOT NULL, "uid" character varying NOT NULL, "created_at" timestamp, "updated_at" timestamp) 
  [1m[36m (2.1ms)[0m  [1mCREATE  INDEX  "index_authentications_on_provider_and_uid" ON "authentications" USING btree ("provider", "uid")[0m
  [1m[35m (3.4ms)[0m  CREATE TABLE "blocks" ("id" serial primary key, "title" character varying NOT NULL, "created_at" timestamp, "updated_at" timestamp, "user_id" integer NOT NULL) 
  [1m[36m (4.1ms)[0m  [1mCREATE TABLE "cards" ("id" serial primary key, "original_text" text, "translated_text" text, "review_date" timestamp NOT NULL, "created_at" timestamp, "updated_at" timestamp, "user_id" integer NOT NULL, "image" character varying, "block_id" integer NOT NULL, "interval" integer DEFAULT 1 NOT NULL, "repeat" integer DEFAULT 1 NOT NULL, "efactor" float DEFAULT 2.5 NOT NULL, "attempt" integer DEFAULT 1 NOT NULL, "quality" integer DEFAULT 5 NOT NULL) [0m
  [1m[35m (3.8ms)[0m  CREATE TABLE "users" ("id" serial primary key, "email" character varying, "crypted_password" character varying, "created_at" timestamp, "updated_at" timestamp, "salt" character varying, "remember_me_token" character varying, "remember_me_token_expires_at" timestamp, "reset_password_token" character varying, "reset_password_token_expires_at" timestamp, "reset_password_email_sent_at" timestamp, "current_block_id" integer, "locale" character varying) 
  [1m[36m (2.0ms)[0m  [1mCREATE UNIQUE INDEX  "index_users_on_email" ON "users" USING btree ("email")[0m
  [1m[35m (1.2ms)[0m  CREATE  INDEX  "index_users_on_remember_me_token" ON "users" USING btree ("remember_me_token")
  [1m[36m (1.2ms)[0m  [1mCREATE  INDEX  "index_users_on_reset_password_token" ON "users" USING btree ("reset_password_token")[0m
  [1m[35m (2.1ms)[0m  CREATE TABLE "schema_migrations" ("version" character varying NOT NULL) 
  [1m[36m (1.5ms)[0m  [1mCREATE UNIQUE INDEX  "unique_schema_migrations" ON "schema_migrations"  ("version")[0m
  [1m[35m (0.3ms)[0m  SELECT version FROM "schema_migrations"
  [1m[36m (0.6ms)[0m  [1mINSERT INTO "schema_migrations" (version) VALUES ('20150406175914')[0m
  [1m[35m (0.6ms)[0m  INSERT INTO "schema_migrations" (version) VALUES ('20150330194306')
  [1m[36m (0.6ms)[0m  [1mINSERT INTO "schema_migrations" (version) VALUES ('20150401155428')[0m
  [1m[35m (0.5ms)[0m  INSERT INTO "schema_migrations" (version) VALUES ('20150402104316')
  [1m[36m (0.5ms)[0m  [1mINSERT INTO "schema_migrations" (version) VALUES ('20150406175232')[0m
  [1m[35m (0.5ms)[0m  INSERT INTO "schema_migrations" (version) VALUES ('20150327203526')
  [1m[36m (3.1ms)[0m  [1mINSERT INTO "schema_migrations" (version) VALUES ('20150403222932')[0m
  [1m[35m (0.6ms)[0m  INSERT INTO "schema_migrations" (version) VALUES ('20150329103807')
  [1m[36m (0.4ms)[0m  [1mINSERT INTO "schema_migrations" (version) VALUES ('20150330165146')[0m
  [1m[35m (0.6ms)[0m  INSERT INTO "schema_migrations" (version) VALUES ('20150330200230')
  [1m[36m (0.4ms)[0m  [1mINSERT INTO "schema_migrations" (version) VALUES ('20150329171607')[0m
  [1m[35m (0.4ms)[0m  INSERT INTO "schema_migrations" (version) VALUES ('20150330194042')
  [1m[36m (0.4ms)[0m  [1mINSERT INTO "schema_migrations" (version) VALUES ('20150404104501')[0m
  [1m[35m (0.4ms)[0m  INSERT INTO "schema_migrations" (version) VALUES ('20150401155753')
  [1m[36m (0.4ms)[0m  [1mINSERT INTO "schema_migrations" (version) VALUES ('20150329103805')[0m
  [1m[35m (0.3ms)[0m  INSERT INTO "schema_migrations" (version) VALUES ('20150327220548')
  [1m[36m (0.4ms)[0m  [1mINSERT INTO "schema_migrations" (version) VALUES ('20150405165550')[0m
  [1m[35m (0.3ms)[0m  INSERT INTO "schema_migrations" (version) VALUES ('20150329103806')
  [1m[36m (0.5ms)[0m  [1mINSERT INTO "schema_migrations" (version) VALUES ('20150406123839')[0m
  [1m[35m (0.4ms)[0m  INSERT INTO "schema_migrations" (version) VALUES ('20150327203129')
  [1m[36m (0.4ms)[0m  [1mINSERT INTO "schema_migrations" (version) VALUES ('20150405175629')[0m
  [1m[35m (0.4ms)[0m  INSERT INTO "schema_migrations" (version) VALUES ('20150331102819')
  [1m[36m (0.4ms)[0m  [1mINSERT INTO "schema_migrations" (version) VALUES ('20150405115143')[0m
  [1m[35m (0.3ms)[0m  INSERT INTO "schema_migrations" (version) VALUES ('20150325070602')
  [1m[36m (0.4ms)[0m  [1mINSERT INTO "schema_migrations" (version) VALUES ('20150324181429')[0m
  [1m[35m (0.4ms)[0m  INSERT INTO "schema_migrations" (version) VALUES ('20150405180053')
  [1m[36m (0.3ms)[0m  [1mINSERT INTO "schema_migrations" (version) VALUES ('20150406143521')[0m
  [1m[35m (0.4ms)[0m  INSERT INTO "schema_migrations" (version) VALUES ('20150330194536')
  [1m[36m (0.3ms)[0m  [1mINSERT INTO "schema_migrations" (version) VALUES ('20150329200538')[0m
  [1m[35m (0.4ms)[0m  INSERT INTO "schema_migrations" (version) VALUES ('20150401160441')
  [1m[36mSQL (0.3ms)[0m  [1mCREATE EXTENSION IF NOT EXISTS "plpgsql"[0m
  [1m[35m (8.9ms)[0m  CREATE TABLE "authentications" ("id" serial primary key, "user_id" integer NOT NULL, "provider" character varying NOT NULL, "uid" character varying NOT NULL, "created_at" timestamp, "updated_at" timestamp) 
  [1m[36m (1.8ms)[0m  [1mCREATE  INDEX  "index_authentications_on_provider_and_uid" ON "authentications" USING btree ("provider", "uid")[0m
  [1m[35m (3.2ms)[0m  CREATE TABLE "blocks" ("id" serial primary key, "title" character varying NOT NULL, "created_at" timestamp, "updated_at" timestamp, "user_id" integer NOT NULL) 
  [1m[36m (5.0ms)[0m  [1mCREATE TABLE "cards" ("id" serial primary key, "original_text" text, "translated_text" text, "review_date" timestamp NOT NULL, "created_at" timestamp, "updated_at" timestamp, "user_id" integer NOT NULL, "image" character varying, "block_id" integer NOT NULL, "interval" integer DEFAULT 1 NOT NULL, "repeat" integer DEFAULT 1 NOT NULL, "efactor" float DEFAULT 2.5 NOT NULL, "attempt" integer DEFAULT 1 NOT NULL, "quality" integer DEFAULT 5 NOT NULL) [0m
  [1m[35m (3.6ms)[0m  CREATE TABLE "users" ("id" serial primary key, "email" character varying, "crypted_password" character varying, "created_at" timestamp, "updated_at" timestamp, "salt" character varying, "remember_me_token" character varying, "remember_me_token_expires_at" timestamp, "reset_password_token" character varying, "reset_password_token_expires_at" timestamp, "reset_password_email_sent_at" timestamp, "current_block_id" integer, "locale" character varying) 
  [1m[36m (1.8ms)[0m  [1mCREATE UNIQUE INDEX  "index_users_on_email" ON "users" USING btree ("email")[0m
  [1m[35m (4.6ms)[0m  CREATE  INDEX  "index_users_on_remember_me_token" ON "users" USING btree ("remember_me_token")
  [1m[36m (1.8ms)[0m  [1mCREATE  INDEX  "index_users_on_reset_password_token" ON "users" USING btree ("reset_password_token")[0m
  [1m[35m (1.8ms)[0m  CREATE TABLE "schema_migrations" ("version" character varying NOT NULL) 
  [1m[36m (1.6ms)[0m  [1mCREATE UNIQUE INDEX  "unique_schema_migrations" ON "schema_migrations"  ("version")[0m
  [1m[35m (0.2ms)[0m  SELECT version FROM "schema_migrations"
  [1m[36m (0.6ms)[0m  [1mINSERT INTO "schema_migrations" (version) VALUES ('20150406175914')[0m
  [1m[35m (0.4ms)[0m  INSERT INTO "schema_migrations" (version) VALUES ('20150330194306')
  [1m[36m (0.4ms)[0m  [1mINSERT INTO "schema_migrations" (version) VALUES ('20150401155428')[0m
  [1m[35m (0.4ms)[0m  INSERT INTO "schema_migrations" (version) VALUES ('20150402104316')
  [1m[36m (0.4ms)[0m  [1mINSERT INTO "schema_migrations" (version) VALUES ('20150406175232')[0m
  [1m[35m (0.4ms)[0m  INSERT INTO "schema_migrations" (version) VALUES ('20150327203526')
  [1m[36m (0.4ms)[0m  [1mINSERT INTO "schema_migrations" (version) VALUES ('20150403222932')[0m
  [1m[35m (0.4ms)[0m  INSERT INTO "schema_migrations" (version) VALUES ('20150329103807')
  [1m[36m (0.4ms)[0m  [1mINSERT INTO "schema_migrations" (version) VALUES ('20150330165146')[0m
  [1m[35m (0.5ms)[0m  INSERT INTO "schema_migrations" (version) VALUES ('20150330200230')
  [1m[36m (0.4ms)[0m  [1mINSERT INTO "schema_migrations" (version) VALUES ('20150329171607')[0m
  [1m[35m (0.4ms)[0m  INSERT INTO "schema_migrations" (version) VALUES ('20150330194042')
  [1m[36m (0.5ms)[0m  [1mINSERT INTO "schema_migrations" (version) VALUES ('20150404104501')[0m
  [1m[35m (0.5ms)[0m  INSERT INTO "schema_migrations" (version) VALUES ('20150401155753')
  [1m[36m (0.4ms)[0m  [1mINSERT INTO "schema_migrations" (version) VALUES ('20150329103805')[0m
  [1m[35m (0.5ms)[0m  INSERT INTO "schema_migrations" (version) VALUES ('20150327220548')
  [1m[36m (0.4ms)[0m  [1mINSERT INTO "schema_migrations" (version) VALUES ('20150405165550')[0m
  [1m[35m (0.4ms)[0m  INSERT INTO "schema_migrations" (version) VALUES ('20150329103806')
  [1m[36m (0.4ms)[0m  [1mINSERT INTO "schema_migrations" (version) VALUES ('20150406123839')[0m
  [1m[35m (0.4ms)[0m  INSERT INTO "schema_migrations" (version) VALUES ('20150327203129')
  [1m[36m (0.4ms)[0m  [1mINSERT INTO "schema_migrations" (version) VALUES ('20150405175629')[0m
  [1m[35m (0.4ms)[0m  INSERT INTO "schema_migrations" (version) VALUES ('20150331102819')
  [1m[36m (0.5ms)[0m  [1mINSERT INTO "schema_migrations" (version) VALUES ('20150405115143')[0m
  [1m[35m (0.4ms)[0m  INSERT INTO "schema_migrations" (version) VALUES ('20150325070602')
  [1m[36m (0.4ms)[0m  [1mINSERT INTO "schema_migrations" (version) VALUES ('20150324181429')[0m
  [1m[35m (0.4ms)[0m  INSERT INTO "schema_migrations" (version) VALUES ('20150405180053')
  [1m[36m (0.4ms)[0m  [1mINSERT INTO "schema_migrations" (version) VALUES ('20150406143521')[0m
  [1m[35m (0.4ms)[0m  INSERT INTO "schema_migrations" (version) VALUES ('20150330194536')
  [1m[36m (0.4ms)[0m  [1mINSERT INTO "schema_migrations" (version) VALUES ('20150329200538')[0m
  [1m[35m (0.4ms)[0m  INSERT INTO "schema_migrations" (version) VALUES ('20150401160441')
  [1m[36mActiveRecord::SchemaMigration Load (0.4ms)[0m  [1mSELECT "schema_migrations".* FROM "schema_migrations"[0m
[Rollbar] Scheduling item
[Rollbar] Sending item
[Rollbar] Got unexpected status code from Rollbar api: 400
[Rollbar] Response: {
  "err": 1,
  "message": "access token required"
}
[Rollbar] Details: https://rollbar.com/instance/uuid?uuid=372c55cd-21fe-40c4-92f7-ab453379810f (only available if report was successful)
  [1m[36mSQL (0.2ms)[0m  [1mCREATE EXTENSION IF NOT EXISTS "plpgsql"[0m
  [1m[35m (1.8ms)[0m  DROP TABLE "authentications"
  [1m[36m (3.3ms)[0m  [1mCREATE TABLE "authentications" ("id" serial primary key, "user_id" integer NOT NULL, "provider" character varying NOT NULL, "uid" character varying NOT NULL, "created_at" timestamp, "updated_at" timestamp) [0m
  [1m[35m (1.9ms)[0m  CREATE  INDEX  "index_authentications_on_provider_and_uid" ON "authentications" USING btree ("provider", "uid")
  [1m[36m (1.1ms)[0m  [1mDROP TABLE "blocks"[0m
  [1m[35m (3.2ms)[0m  CREATE TABLE "blocks" ("id" serial primary key, "title" character varying NOT NULL, "created_at" timestamp, "updated_at" timestamp, "user_id" integer NOT NULL) 
  [1m[36m (1.3ms)[0m  [1mDROP TABLE "cards"[0m
  [1m[35m (3.6ms)[0m  CREATE TABLE "cards" ("id" serial primary key, "original_text" text, "translated_text" text, "review_date" timestamp NOT NULL, "created_at" timestamp, "updated_at" timestamp, "user_id" integer NOT NULL, "image" character varying, "block_id" integer NOT NULL, "interval" integer DEFAULT 1 NOT NULL, "repeat" integer DEFAULT 1 NOT NULL, "efactor" float DEFAULT 2.5 NOT NULL, "attempt" integer DEFAULT 1 NOT NULL, "quality" integer DEFAULT 5 NOT NULL) 
  [1m[36m (1.2ms)[0m  [1mDROP TABLE "users"[0m
  [1m[35m (5.1ms)[0m  CREATE TABLE "users" ("id" serial primary key, "email" character varying, "crypted_password" character varying, "created_at" timestamp, "updated_at" timestamp, "salt" character varying, "remember_me_token" character varying, "remember_me_token_expires_at" timestamp, "reset_password_token" character varying, "reset_password_token_expires_at" timestamp, "reset_password_email_sent_at" timestamp, "current_block_id" integer, "locale" character varying) 
  [1m[36m (1.3ms)[0m  [1mCREATE UNIQUE INDEX  "index_users_on_email" ON "users" USING btree ("email")[0m
  [1m[35m (1.1ms)[0m  CREATE  INDEX  "index_users_on_remember_me_token" ON "users" USING btree ("remember_me_token")
  [1m[36m (22.3ms)[0m  [1mCREATE  INDEX  "index_users_on_reset_password_token" ON "users" USING btree ("reset_password_token")[0m
  [1m[35m (0.2ms)[0m  SELECT version FROM "schema_migrations"
  [1m[36mSQL (0.2ms)[0m  [1mCREATE EXTENSION IF NOT EXISTS "plpgsql"[0m
  [1m[35m (1.8ms)[0m  DROP TABLE "authentications"
  [1m[36m (4.7ms)[0m  [1mCREATE TABLE "authentications" ("id" serial primary key, "user_id" integer NOT NULL, "provider" character varying NOT NULL, "uid" character varying NOT NULL, "created_at" timestamp, "updated_at" timestamp) [0m
  [1m[35m (3.4ms)[0m  CREATE  INDEX  "index_authentications_on_provider_and_uid" ON "authentications" USING btree ("provider", "uid")
  [1m[36m (1.1ms)[0m  [1mDROP TABLE "blocks"[0m
  [1m[35m (2.9ms)[0m  CREATE TABLE "blocks" ("id" serial primary key, "title" character varying NOT NULL, "created_at" timestamp, "updated_at" timestamp, "user_id" integer NOT NULL) 
  [1m[36m (1.2ms)[0m  [1mDROP TABLE "cards"[0m
  [1m[35m (3.8ms)[0m  CREATE TABLE "cards" ("id" serial primary key, "original_text" text, "translated_text" text, "review_date" timestamp NOT NULL, "created_at" timestamp, "updated_at" timestamp, "user_id" integer NOT NULL, "image" character varying, "block_id" integer NOT NULL, "interval" integer DEFAULT 1 NOT NULL, "repeat" integer DEFAULT 1 NOT NULL, "efactor" float DEFAULT 2.5 NOT NULL, "attempt" integer DEFAULT 1 NOT NULL, "quality" integer DEFAULT 5 NOT NULL) 
  [1m[36m (1.5ms)[0m  [1mDROP TABLE "users"[0m
  [1m[35m (3.4ms)[0m  CREATE TABLE "users" ("id" serial primary key, "email" character varying, "crypted_password" character varying, "created_at" timestamp, "updated_at" timestamp, "salt" character varying, "remember_me_token" character varying, "remember_me_token_expires_at" timestamp, "reset_password_token" character varying, "reset_password_token_expires_at" timestamp, "reset_password_email_sent_at" timestamp, "current_block_id" integer, "locale" character varying) 
  [1m[36m (1.4ms)[0m  [1mCREATE UNIQUE INDEX  "index_users_on_email" ON "users" USING btree ("email")[0m
  [1m[35m (1.2ms)[0m  CREATE  INDEX  "index_users_on_remember_me_token" ON "users" USING btree ("remember_me_token")
  [1m[36m (1.3ms)[0m  [1mCREATE  INDEX  "index_users_on_reset_password_token" ON "users" USING btree ("reset_password_token")[0m
  [1m[35m (0.2ms)[0m  SELECT version FROM "schema_migrations"
  [1m[36mActiveRecord::SchemaMigration Load (0.3ms)[0m  [1mSELECT "schema_migrations".* FROM "schema_migrations"[0m


Started GET "/" for 127.0.0.1 at 2016-05-18 19:28:58 +0300
  [1m[36mActiveRecord::SchemaMigration Load (0.9ms)[0m  [1mSELECT "schema_migrations".* FROM "schema_migrations"[0m
Processing by MainController#index as HTML
  Rendered main/index.html.erb within layouts/application (6.3ms)
  Rendered shared/_header.html.erb (2.7ms)
  Rendered shared/_alert_notice.html.erb (0.6ms)
Completed 200 OK in 1184ms (Views: 1173.7ms | ActiveRecord: 0.0ms)


Started GET "/assets/bootstrap.self-8c0a18ef497d6248739c038ca99120e435b9d0ac33120bf065cd090558f70e73.css?body=1" for 127.0.0.1 at 2016-05-18 19:28:59 +0300


Started GET "/assets/application.self-71ed15c50144bc50278b1c1129a3b54d901f0c641e3087b4eed556689ded8be6.js?body=1" for 127.0.0.1 at 2016-05-18 19:28:59 +0300


Started GET "/assets/application.self-950ad6b7a5aa751bdd16fd7d9cc8a756a96a9d0245d2c44f28dc7a232aff177c.css?body=1" for 127.0.0.1 at 2016-05-18 19:28:59 +0300


Started GET "/en" for 127.0.0.1 at 2016-05-18 19:29:03 +0300
Processing by MainController#index as HTML
  Parameters: {"locale"=>"en"}
  Rendered main/index.html.erb within layouts/application (0.5ms)
  Rendered shared/_header.html.erb (1.2ms)
  Rendered shared/_alert_notice.html.erb (0.3ms)
Completed 200 OK in 13ms (Views: 12.6ms | ActiveRecord: 0.0ms)


Started GET "/en?user_locale=en" for 127.0.0.1 at 2016-05-18 19:29:06 +0300
Processing by MainController#index as HTML
  Parameters: {"user_locale"=>"en", "locale"=>"en"}
  Rendered main/index.html.erb within layouts/application (0.4ms)
  Rendered shared/_header.html.erb (1.1ms)
  Rendered shared/_alert_notice.html.erb (0.4ms)
Completed 200 OK in 12ms (Views: 11.1ms | ActiveRecord: 0.0ms)


Started GET "/en?user_locale=ru" for 127.0.0.1 at 2016-05-18 19:29:07 +0300
Processing by MainController#index as HTML
  Parameters: {"user_locale"=>"ru", "locale"=>"en"}
  Rendered main/index.html.erb within layouts/application (7.3ms)
  Rendered shared/_header.html.erb (2.5ms)
  Rendered shared/_alert_notice.html.erb (0.9ms)
Completed 200 OK in 21ms (Views: 20.6ms | ActiveRecord: 0.0ms)


Started GET "/ru/users/new" for 127.0.0.1 at 2016-05-18 19:29:09 +0300
Processing by Home::UsersController#new as HTML
  Parameters: {"locale"=>"ru"}
  Rendered home/users/_form.html.erb (23.8ms)
  Rendered home/users/new.html.erb within layouts/application (24.9ms)
  Rendered shared/_header.html.erb (1.1ms)
  Rendered shared/_alert_notice.html.erb (0.2ms)
Completed 200 OK in 58ms (Views: 40.1ms | ActiveRecord: 2.0ms)


Started POST "/ru/users" for 127.0.0.1 at 2016-05-18 19:29:20 +0300
Processing by Home::UsersController#create as HTML
  Parameters: {"utf8"=>"✓", "authenticity_token"=>"H5E0m75+ljx7qPpZmBsUl/HFIikpeb514CWRJbKl7mvDBbCYw4OS5CXCRsN6PRUnkN6du8/ACwH9v/eP5PUiZA==", "user"=>{"email"=>"diethart19@gmail.com", "password"=>"[FILTERED]", "password_confirmation"=>"[FILTERED]"}, "commit"=>"Зарегистрироваться", "locale"=>"ru"}
  [1m[35m (0.1ms)[0m  BEGIN
  [1m[36mUser Exists (0.7ms)[0m  [1mSELECT  1 AS one FROM "users" WHERE "users"."email" = 'diethart19@gmail.com' LIMIT 1[0m
  [1m[35mSQL (0.3ms)[0m  INSERT INTO "users" ("email", "locale", "salt", "crypted_password", "created_at", "updated_at") VALUES ($1, $2, $3, $4, $5, $6) RETURNING "id"  [["email", "diethart19@gmail.com"], ["locale", "ru"], ["salt", "wefqnY6pD1zpAAzaP4xN"], ["crypted_password", "$2a$10$wWa0eAaLpgi6nSY39eol1uU9bjJ92dFAsnERhCQ4QZMlcKXJ2r7t6"], ["created_at", "2016-05-18 16:29:20.786677"], ["updated_at", "2016-05-18 16:29:20.786677"]]
  [1m[36m (0.5ms)[0m  [1mCOMMIT[0m
Redirected to http://localhost:3000/ru
Completed 302 Found in 130ms (ActiveRecord: 1.7ms)


Started GET "/ru" for 127.0.0.1 at 2016-05-18 19:29:20 +0300
Processing by MainController#index as HTML
  Parameters: {"locale"=>"ru"}
  [1m[35mUser Load (0.4ms)[0m  SELECT  "users".* FROM "users" WHERE "users"."id" = $1 LIMIT 1  [["id", 1]]
  Rendered main/index.html.erb within layouts/application (0.3ms)
  Rendered shared/_header.html.erb (1.5ms)
  Rendered shared/_alert_notice.html.erb (0.4ms)
Completed 200 OK in 16ms (Views: 10.8ms | ActiveRecord: 0.4ms)


Started GET "/ru/blocks" for 127.0.0.1 at 2016-05-18 19:29:23 +0300
Processing by Dashboard::BlocksController#index as HTML
  Parameters: {"locale"=>"ru"}
  [1m[36mUser Load (0.3ms)[0m  [1mSELECT  "users".* FROM "users" WHERE "users"."id" = $1 LIMIT 1[0m  [["id", 1]]
  [1m[35mBlock Load (0.3ms)[0m  SELECT "blocks".* FROM "blocks" WHERE "blocks"."user_id" = $1  ORDER BY title  [["user_id", 1]]
  Rendered dashboard/blocks/index.html.erb within layouts/application (2.6ms)
  Rendered shared/_header.html.erb (1.7ms)
  Rendered shared/_alert_notice.html.erb (0.3ms)
Completed 200 OK in 40ms (Views: 25.7ms | ActiveRecord: 1.3ms)


Started GET "/ru/blocks/new" for 127.0.0.1 at 2016-05-18 19:29:24 +0300
Processing by Dashboard::BlocksController#new as HTML
  Parameters: {"locale"=>"ru"}
  [1m[36mUser Load (0.3ms)[0m  [1mSELECT  "users".* FROM "users" WHERE "users"."id" = $1 LIMIT 1[0m  [["id", 1]]
  Rendered dashboard/blocks/_form.html.erb (3.0ms)
  Rendered dashboard/blocks/new.html.erb within layouts/application (15.1ms)
  Rendered shared/_header.html.erb (1.4ms)
  Rendered shared/_alert_notice.html.erb (0.3ms)
Completed 200 OK in 49ms (Views: 45.1ms | ActiveRecord: 0.6ms)


Started GET "/ru/cards" for 127.0.0.1 at 2016-05-18 19:29:25 +0300
Processing by Dashboard::CardsController#index as HTML
  Parameters: {"locale"=>"ru"}
  [1m[35mUser Load (0.4ms)[0m  SELECT  "users".* FROM "users" WHERE "users"."id" = $1 LIMIT 1  [["id", 1]]
DEPRECATION WARNING: Currently, Active Record suppresses errors raised within `after_rollback`/`after_commit` callbacks and only print them to the logs. In the next version, these errors will no longer be suppressed. Instead, the errors will propagate normally just like in other Active Record callbacks.

You can opt into the new behavior and remove this warning by setting:

  config.active_record.raise_in_transactional_callbacks = true

 (called from <class:Card> at /home/diethart/projects/SomeoneProject/flashcards/app/models/card.rb:16)
DEPRECATION WARNING: Currently, Active Record suppresses errors raised within `after_rollback`/`after_commit` callbacks and only print them to the logs. In the next version, these errors will no longer be suppressed. Instead, the errors will propagate normally just like in other Active Record callbacks.

You can opt into the new behavior and remove this warning by setting:

  config.active_record.raise_in_transactional_callbacks = true

 (called from <class:Card> at /home/diethart/projects/SomeoneProject/flashcards/app/models/card.rb:16)
  [1m[36mCard Load (0.3ms)[0m  [1mSELECT "cards".* FROM "cards" WHERE "cards"."user_id" = $1  ORDER BY review_date[0m  [["user_id", 1]]
  Rendered dashboard/cards/index.html.erb within layouts/application (2.8ms)
  Rendered shared/_header.html.erb (1.7ms)
  Rendered shared/_alert_notice.html.erb (0.3ms)
Completed 200 OK in 30ms (Views: 19.6ms | ActiveRecord: 1.3ms)


Started GET "/ru/cards/new" for 127.0.0.1 at 2016-05-18 19:29:27 +0300
Processing by Dashboard::CardsController#new as HTML
  Parameters: {"locale"=>"ru"}
  [1m[35mUser Load (0.2ms)[0m  SELECT  "users".* FROM "users" WHERE "users"."id" = $1 LIMIT 1  [["id", 1]]
  [1m[36mBlock Load (0.2ms)[0m  [1mSELECT "blocks".* FROM "blocks" WHERE "blocks"."user_id" = $1  ORDER BY title[0m  [["user_id", 1]]
  Rendered dashboard/cards/_form.html.erb (37.8ms)
  Rendered dashboard/cards/new.html.erb within layouts/application (39.4ms)
  Rendered shared/_header.html.erb (2.5ms)
  Rendered shared/_alert_notice.html.erb (0.4ms)
Completed 200 OK in 63ms (Views: 54.4ms | ActiveRecord: 0.8ms)


Started GET "/ru/profile/1/edit" for 127.0.0.1 at 2016-05-18 19:29:27 +0300
Processing by Dashboard::ProfileController#edit as HTML
  Parameters: {"id"=>"1", "locale"=>"ru"}
  [1m[35mUser Load (0.3ms)[0m  SELECT  "users".* FROM "users" WHERE "users"."id" = $1 LIMIT 1  [["id", 1]]
  Rendered dashboard/profile/_form.html.erb (8.1ms)
  Rendered dashboard/profile/edit.html.erb within layouts/application (9.2ms)
  Rendered shared/_header.html.erb (1.7ms)
  Rendered shared/_alert_notice.html.erb (0.4ms)
Completed 200 OK in 32ms (Views: 29.6ms | ActiveRecord: 0.3ms)


Started GET "/ru/cards/new" for 127.0.0.1 at 2016-05-18 19:29:30 +0300
Processing by Dashboard::CardsController#new as HTML
  Parameters: {"locale"=>"ru"}
  [1m[36mUser Load (0.2ms)[0m  [1mSELECT  "users".* FROM "users" WHERE "users"."id" = $1 LIMIT 1[0m  [["id", 1]]
  [1m[35mBlock Load (0.3ms)[0m  SELECT "blocks".* FROM "blocks" WHERE "blocks"."user_id" = $1  ORDER BY title  [["user_id", 1]]
  Rendered dashboard/cards/_form.html.erb (8.4ms)
  Rendered dashboard/cards/new.html.erb within layouts/application (9.1ms)
  Rendered shared/_header.html.erb (3.2ms)
  Rendered shared/_alert_notice.html.erb (0.4ms)
Completed 200 OK in 38ms (Views: 36.4ms | ActiveRecord: 0.5ms)


Started GET "/ru/profile/1/edit" for 127.0.0.1 at 2016-05-18 19:29:31 +0300
Processing by Dashboard::ProfileController#edit as HTML
  Parameters: {"id"=>"1", "locale"=>"ru"}
  [1m[36mUser Load (0.2ms)[0m  [1mSELECT  "users".* FROM "users" WHERE "users"."id" = $1 LIMIT 1[0m  [["id", 1]]
  Rendered dashboard/profile/_form.html.erb (10.5ms)
  Rendered dashboard/profile/edit.html.erb within layouts/application (11.3ms)
  Rendered shared/_header.html.erb (2.7ms)
  Rendered shared/_alert_notice.html.erb (0.8ms)
Completed 200 OK in 31ms (Views: 28.8ms | ActiveRecord: 0.2ms)


Started GET "/ru/cards" for 127.0.0.1 at 2016-05-18 19:29:38 +0300
Processing by Dashboard::CardsController#index as HTML
  Parameters: {"locale"=>"ru"}
  [1m[35mUser Load (0.2ms)[0m  SELECT  "users".* FROM "users" WHERE "users"."id" = $1 LIMIT 1  [["id", 1]]
  [1m[36mCard Load (0.2ms)[0m  [1mSELECT "cards".* FROM "cards" WHERE "cards"."user_id" = $1  ORDER BY review_date[0m  [["user_id", 1]]
  Rendered dashboard/cards/index.html.erb within layouts/application (1.3ms)
  Rendered shared/_header.html.erb (2.2ms)
  Rendered shared/_alert_notice.html.erb (0.3ms)
Completed 200 OK in 22ms (Views: 19.5ms | ActiveRecord: 0.3ms)


Started GET "/ru/cards/new" for 127.0.0.1 at 2016-05-18 19:29:39 +0300
Processing by Dashboard::CardsController#new as HTML
  Parameters: {"locale"=>"ru"}
  [1m[35mUser Load (0.2ms)[0m  SELECT  "users".* FROM "users" WHERE "users"."id" = $1 LIMIT 1  [["id", 1]]
  [1m[36mBlock Load (0.2ms)[0m  [1mSELECT "blocks".* FROM "blocks" WHERE "blocks"."user_id" = $1  ORDER BY title[0m  [["user_id", 1]]
  Rendered dashboard/cards/_form.html.erb (9.4ms)
  Rendered dashboard/cards/new.html.erb within layouts/application (10.8ms)
  Rendered shared/_header.html.erb (6.3ms)
  Rendered shared/_alert_notice.html.erb (0.8ms)
Completed 200 OK in 36ms (Views: 32.9ms | ActiveRecord: 0.4ms)


Started GET "/ru/blocks" for 127.0.0.1 at 2016-05-18 19:29:42 +0300
Processing by Dashboard::BlocksController#index as HTML
  Parameters: {"locale"=>"ru"}
  [1m[35mUser Load (0.2ms)[0m  SELECT  "users".* FROM "users" WHERE "users"."id" = $1 LIMIT 1  [["id", 1]]
  [1m[36mBlock Load (0.2ms)[0m  [1mSELECT "blocks".* FROM "blocks" WHERE "blocks"."user_id" = $1  ORDER BY title[0m  [["user_id", 1]]
  Rendered dashboard/blocks/index.html.erb within layouts/application (1.6ms)
  Rendered shared/_header.html.erb (3.1ms)
  Rendered shared/_alert_notice.html.erb (0.5ms)
Completed 200 OK in 35ms (Views: 31.4ms | ActiveRecord: 0.4ms)


Started GET "/ru/trainer" for 127.0.0.1 at 2016-05-18 19:29:43 +0300
Processing by Dashboard::TrainerController#index as HTML
  Parameters: {"locale"=>"ru"}
  [1m[35mUser Load (0.2ms)[0m  SELECT  "users".* FROM "users" WHERE "users"."id" = $1 LIMIT 1  [["id", 1]]
  [1m[36mCard Load (0.2ms)[0m  [1mSELECT  "cards".* FROM "cards" WHERE "cards"."user_id" = $1 AND (review_date <= '2016-05-18 16:29:43.204033')  ORDER BY RANDOM() LIMIT 1[0m  [["user_id", 1]]
  [1m[35mCard Load (0.2ms)[0m  SELECT  "cards".* FROM "cards" WHERE "cards"."user_id" = $1 AND (quality < 4)  ORDER BY RANDOM() LIMIT 1  [["user_id", 1]]
  Rendered dashboard/trainer/_review_form.erb (1.0ms)
  Rendered dashboard/trainer/index.html.erb within layouts/application (2.0ms)
  Rendered shared/_header.html.erb (1.5ms)
  Rendered shared/_alert_notice.html.erb (0.6ms)
Completed 200 OK in 23ms (Views: 14.6ms | ActiveRecord: 0.5ms)


Started GET "/" for 127.0.0.1 at 2016-05-18 19:51:13 +0300
  [1m[36mActiveRecord::SchemaMigration Load (0.4ms)[0m  [1mSELECT "schema_migrations".* FROM "schema_migrations"[0m
Processing by MainController#index as HTML
  [1m[35mUser Load (6.4ms)[0m  SELECT  "users".* FROM "users" WHERE "users"."id" = $1 LIMIT 1  [["id", 1]]
  Rendered main/index.html.erb within layouts/application (5.9ms)
  Rendered shared/_header.html.erb (6.1ms)
  Rendered shared/_alert_notice.html.erb (1.5ms)
Completed 200 OK in 255ms (Views: 195.3ms | ActiveRecord: 9.6ms)


Started DELETE "/ru/users/1" for 127.0.0.1 at 2016-05-18 19:51:17 +0300
Processing by Dashboard::UsersController#destroy as HTML
  Parameters: {"authenticity_token"=>"1xmhRbaiW+K+u1Dppd27jOHxj37u6284fKal9mek3RsLjSVGy19fOuDR7HNH+7o8gOow7AhS2kxhPMNcMfQRFA==", "id"=>"1", "locale"=>"ru"}
  [1m[36mUser Load (0.4ms)[0m  [1mSELECT  "users".* FROM "users" WHERE "users"."id" = $1 LIMIT 1[0m  [["id", 1]]
  [1m[35m (0.2ms)[0m  BEGIN
DEPRECATION WARNING: Currently, Active Record suppresses errors raised within `after_rollback`/`after_commit` callbacks and only print them to the logs. In the next version, these errors will no longer be suppressed. Instead, the errors will propagate normally just like in other Active Record callbacks.

You can opt into the new behavior and remove this warning by setting:

  config.active_record.raise_in_transactional_callbacks = true

 (called from <class:Card> at /home/diethart/projects/SomeoneProject/flashcards/app/models/card.rb:16)
DEPRECATION WARNING: Currently, Active Record suppresses errors raised within `after_rollback`/`after_commit` callbacks and only print them to the logs. In the next version, these errors will no longer be suppressed. Instead, the errors will propagate normally just like in other Active Record callbacks.

You can opt into the new behavior and remove this warning by setting:

  config.active_record.raise_in_transactional_callbacks = true

 (called from <class:Card> at /home/diethart/projects/SomeoneProject/flashcards/app/models/card.rb:16)
  [1m[36mCard Load (0.2ms)[0m  [1mSELECT "cards".* FROM "cards" WHERE "cards"."user_id" = $1[0m  [["user_id", 1]]
  [1m[35mBlock Load (0.2ms)[0m  SELECT "blocks".* FROM "blocks" WHERE "blocks"."user_id" = $1  [["user_id", 1]]
  [1m[36mAuthentication Load (0.3ms)[0m  [1mSELECT "authentications".* FROM "authentications" WHERE "authentications"."user_id" = $1[0m  [["user_id", 1]]
  [1m[35mSQL (0.2ms)[0m  DELETE FROM "users" WHERE "users"."id" = $1  [["id", 1]]
  [1m[36m (0.6ms)[0m  [1mCOMMIT[0m
Redirected to http://localhost:3000/ru/login
Completed 302 Found in 50ms (ActiveRecord: 4.2ms)


Started GET "/ru/login" for 127.0.0.1 at 2016-05-18 19:51:17 +0300
Processing by Home::UserSessionsController#new as HTML
  Parameters: {"locale"=>"ru"}
  [1m[35mUser Load (0.5ms)[0m  SELECT  "users".* FROM "users" WHERE "users"."id" = $1 LIMIT 1  [["id", 1]]
  Rendered home/user_sessions/_form.html.erb (2.2ms)
  Rendered home/user_sessions/new.html.erb within layouts/application (4.7ms)
  Rendered shared/_header.html.erb (1.9ms)
  Rendered shared/_alert_notice.html.erb (0.3ms)
Completed 200 OK in 31ms (Views: 26.2ms | ActiveRecord: 0.5ms)


Started GET "/ru" for 127.0.0.1 at 2016-05-18 19:51:19 +0300
Processing by MainController#index as HTML
  Parameters: {"locale"=>"ru"}
  [1m[36mUser Load (0.4ms)[0m  [1mSELECT  "users".* FROM "users" WHERE "users"."id" = $1 LIMIT 1[0m  [["id", 1]]
  Rendered main/index.html.erb within layouts/application (0.4ms)
  Rendered shared/_header.html.erb (1.9ms)
  Rendered shared/_alert_notice.html.erb (0.3ms)
Completed 200 OK in 20ms (Views: 17.4ms | ActiveRecord: 0.4ms)


Started GET "/ru/users/new" for 127.0.0.1 at 2016-05-18 19:51:21 +0300
Processing by Home::UsersController#new as HTML
  Parameters: {"locale"=>"ru"}
  [1m[35mUser Load (0.4ms)[0m  SELECT  "users".* FROM "users" WHERE "users"."id" = $1 LIMIT 1  [["id", 1]]
  Rendered home/users/_form.html.erb (68.1ms)
  Rendered home/users/new.html.erb within layouts/application (69.7ms)
  Rendered shared/_header.html.erb (1.3ms)
  Rendered shared/_alert_notice.html.erb (0.3ms)
Completed 200 OK in 98ms (Views: 95.0ms | ActiveRecord: 0.4ms)


Started POST "/ru/users" for 127.0.0.1 at 2016-05-18 19:51:29 +0300
Processing by Home::UsersController#create as HTML
  Parameters: {"utf8"=>"✓", "authenticity_token"=>"Z9kSlmrTthCFjXAu7iCwPuYlZn09ZP08kzPMQoSOfYu7TZaVFy6yyNvnzLQMBrGOhz7Z79vdSEiOqaro0t6xhA==", "user"=>{"email"=>"diethart19@gmail.com", "password"=>"[FILTERED]", "password_confirmation"=>"[FILTERED]"}, "commit"=>"Зарегистрироваться", "locale"=>"ru"}
  [1m[36mUser Load (0.6ms)[0m  [1mSELECT  "users".* FROM "users" WHERE "users"."id" = $1 LIMIT 1[0m  [["id", 1]]
  [1m[35m (0.9ms)[0m  BEGIN
  [1m[36mUser Exists (0.6ms)[0m  [1mSELECT  1 AS one FROM "users" WHERE "users"."email" = 'diethart19@gmail.com' LIMIT 1[0m
  [1m[35m (0.1ms)[0m  ROLLBACK
Completed 500 Internal Server Error in 138ms (ActiveRecord: 2.2ms)
[Rollbar] Reporting exception: The `respond_with' feature has been extracted to the `responders` gem. Add it to your Gemfile to continue using this feature:
  gem 'responders', '~> 2.0'
Consult the Rails upgrade guide for details.
[Rollbar] Scheduling item
[Rollbar] Sending item
[Rollbar] Got unexpected status code from Rollbar api: 400
[Rollbar] Response: {
  "err": 1,
  "message": "access token required"
}
[Rollbar] Details: https://rollbar.com/instance/uuid?uuid=4e7e4db5-1436-4489-9774-e1bedf78e302 (only available if report was successful)
[Rollbar] Exception uuid saved in env: 4e7e4db5-1436-4489-9774-e1bedf78e302

NoMethodError (The `respond_with' feature has been extracted to the `responders` gem. Add it to your Gemfile to continue using this feature:
  gem 'responders', '~> 2.0'
Consult the Rails upgrade guide for details.):
  app/controllers/home/users_controller.rb:17:in `create'


  Rendered /home/diethart/.rvm/gems/ruby-2.3.0/gems/actionpack-4.2.6/lib/action_dispatch/middleware/templates/rescues/_source.erb (5.4ms)
  Rendered /home/diethart/.rvm/gems/ruby-2.3.0/gems/actionpack-4.2.6/lib/action_dispatch/middleware/templates/rescues/_trace.html.erb (2.3ms)
  Rendered /home/diethart/.rvm/gems/ruby-2.3.0/gems/actionpack-4.2.6/lib/action_dispatch/middleware/templates/rescues/_request_and_response.html.erb (1.3ms)
  Rendered /home/diethart/.rvm/gems/ruby-2.3.0/gems/actionpack-4.2.6/lib/action_dispatch/middleware/templates/rescues/diagnostics.html.erb within rescues/layout (29.2ms)


Started GET "/" for 127.0.0.1 at 2016-05-18 19:53:42 +0300
  [1m[36mActiveRecord::SchemaMigration Load (0.3ms)[0m  [1mSELECT "schema_migrations".* FROM "schema_migrations"[0m
Processing by MainController#index as HTML
  [1m[35mUser Load (0.3ms)[0m  SELECT  "users".* FROM "users" WHERE "users"."id" = $1 LIMIT 1  [["id", 1]]
  Rendered main/index.html.erb within layouts/application (5.7ms)
  Rendered shared/_header.html.erb (4.2ms)
  Rendered shared/_alert_notice.html.erb (0.9ms)
Completed 200 OK in 191ms (Views: 165.3ms | ActiveRecord: 1.1ms)


Started GET "/ru/users/new" for 127.0.0.1 at 2016-05-18 19:53:44 +0300
Processing by Home::UsersController#new as HTML
  Parameters: {"locale"=>"ru"}
  [1m[36mUser Load (0.3ms)[0m  [1mSELECT  "users".* FROM "users" WHERE "users"."id" = $1 LIMIT 1[0m  [["id", 1]]
  Rendered home/users/_form.html.erb (50.9ms)
  Rendered home/users/new.html.erb within layouts/application (52.6ms)
  Rendered shared/_header.html.erb (1.9ms)
  Rendered shared/_alert_notice.html.erb (0.3ms)
Completed 200 OK in 98ms (Views: 72.9ms | ActiveRecord: 2.1ms)


Started POST "/ru/users" for 127.0.0.1 at 2016-05-18 19:53:48 +0300
Processing by Home::UsersController#create as HTML
  Parameters: {"utf8"=>"✓", "authenticity_token"=>"plojaxc9/1dnVpDAktSAtKgjLMtugCN0hQ3sKBVow+d6zqdoasD7jzk8LFpw8oEEyTiTWYg5lgCYl4qCQzgP6A==", "user"=>{"email"=>"diethart19@gmail.com", "password"=>"[FILTERED]", "password_confirmation"=>"[FILTERED]"}, "commit"=>"Зарегистрироваться", "locale"=>"ru"}
  [1m[35mUser Load (0.6ms)[0m  SELECT  "users".* FROM "users" WHERE "users"."id" = $1 LIMIT 1  [["id", 1]]
  [1m[36m (0.1ms)[0m  [1mBEGIN[0m
  [1m[35mUser Exists (0.8ms)[0m  SELECT  1 AS one FROM "users" WHERE "users"."email" = 'diethart19@gmail.com' LIMIT 1
  [1m[36m (0.1ms)[0m  [1mROLLBACK[0m
Completed 500 Internal Server Error in 135ms (ActiveRecord: 1.6ms)
[Rollbar] Reporting exception: In order to use respond_with, first you need to declare the formats your controller responds to in the class level.
[Rollbar] Scheduling item
[Rollbar] Sending item
[Rollbar] Got unexpected status code from Rollbar api: 400
[Rollbar] Response: {
  "err": 1,
  "message": "access token required"
}
[Rollbar] Details: https://rollbar.com/instance/uuid?uuid=308345f4-32d8-4a4f-a0be-74d9c1514850 (only available if report was successful)
[Rollbar] Exception uuid saved in env: 308345f4-32d8-4a4f-a0be-74d9c1514850

RuntimeError (In order to use respond_with, first you need to declare the formats your controller responds to in the class level.):
  app/controllers/home/users_controller.rb:17:in `create'


  Rendered /home/diethart/.rvm/gems/ruby-2.3.0/gems/actionpack-4.2.6/lib/action_dispatch/middleware/templates/rescues/_source.erb (7.1ms)
  Rendered /home/diethart/.rvm/gems/ruby-2.3.0/gems/actionpack-4.2.6/lib/action_dispatch/middleware/templates/rescues/_trace.html.erb (3.3ms)
  Rendered /home/diethart/.rvm/gems/ruby-2.3.0/gems/actionpack-4.2.6/lib/action_dispatch/middleware/templates/rescues/_request_and_response.html.erb (1.5ms)
  Rendered /home/diethart/.rvm/gems/ruby-2.3.0/gems/actionpack-4.2.6/lib/action_dispatch/middleware/templates/rescues/diagnostics.html.erb within rescues/layout (23.0ms)


Started GET "/" for 127.0.0.1 at 2016-05-18 22:27:21 +0300
  [1m[36mActiveRecord::SchemaMigration Load (0.2ms)[0m  [1mSELECT "schema_migrations".* FROM "schema_migrations"[0m
Processing by MainController#index as HTML
  [1m[35mUser Load (0.6ms)[0m  SELECT  "users".* FROM "users" WHERE "users"."id" = $1 LIMIT 1  [["id", 1]]
  Rendered main/index.html.erb within layouts/application (6.2ms)
  Rendered shared/_header.html.erb (2.8ms)
  Rendered shared/_alert_notice.html.erb (0.6ms)
Completed 200 OK in 1996ms (Views: 1968.5ms | ActiveRecord: 1.4ms)


Started GET "/assets/application.self-4adc7f92367f3f770b37bdc0c7025fd744a08e0efb7f0195634d1ae7493679d5.css?body=1" for 127.0.0.1 at 2016-05-18 22:27:23 +0300


Started GET "/" for 127.0.0.1 at 2016-05-18 22:27:43 +0300
  [1m[36mActiveRecord::SchemaMigration Load (0.3ms)[0m  [1mSELECT "schema_migrations".* FROM "schema_migrations"[0m
Processing by MainController#index as HTML
  [1m[35mUser Load (0.3ms)[0m  SELECT  "users".* FROM "users" WHERE "users"."id" = $1 LIMIT 1  [["id", 1]]
  Rendered main/index.html.erb within layouts/application (5.7ms)
  Rendered shared/_header.html.erb (4.2ms)
  Rendered shared/_alert_notice.html.erb (0.8ms)
Completed 200 OK in 189ms (Views: 163.1ms | ActiveRecord: 1.2ms)


Started GET "/assets/bootstrap.self-8c0a18ef497d6248739c038ca99120e435b9d0ac33120bf065cd090558f70e73.css?body=1" for 127.0.0.1 at 2016-05-18 22:27:43 +0300


Started GET "/assets/application.self-71ed15c50144bc50278b1c1129a3b54d901f0c641e3087b4eed556689ded8be6.js?body=1" for 127.0.0.1 at 2016-05-18 22:27:43 +0300


Started GET "/assets/jquery_ujs.self-e87806d0cf4489aeb1bb7288016024e8de67fd18db693fe026fe3907581e53cd.js?body=1" for 127.0.0.1 at 2016-05-18 22:27:43 +0300


Started GET "/assets/jquery.self-660adc51e0224b731d29f575a6f1ec167ba08ad06ed5deca4f1e8654c135bf4c.js?body=1" for 127.0.0.1 at 2016-05-18 22:27:43 +0300


Started GET "/assets/application.self-4adc7f92367f3f770b37bdc0c7025fd744a08e0efb7f0195634d1ae7493679d5.css?body=1" for 127.0.0.1 at 2016-05-18 22:27:43 +0300


Started GET "/" for 127.0.0.1 at 2016-05-18 22:31:06 +0300
  [1m[36mActiveRecord::SchemaMigration Load (7.8ms)[0m  [1mSELECT "schema_migrations".* FROM "schema_migrations"[0m
Processing by MainController#index as HTML
  [1m[35mUser Load (0.5ms)[0m  SELECT  "users".* FROM "users" WHERE "users"."id" = $1 LIMIT 1  [["id", 1]]
  Rendered main/index.html.erb within layouts/application (5.7ms)
  Rendered shared/_header.html.erb (13.4ms)
  Rendered shared/_alert_notice.html.erb (1.0ms)
Completed 200 OK in 204ms (Views: 175.3ms | ActiveRecord: 1.7ms)


Started GET "/assets/bootstrap.self-8c0a18ef497d6248739c038ca99120e435b9d0ac33120bf065cd090558f70e73.css?body=1" for 127.0.0.1 at 2016-05-18 22:31:06 +0300


Started GET "/assets/jquery.self-660adc51e0224b731d29f575a6f1ec167ba08ad06ed5deca4f1e8654c135bf4c.js?body=1" for 127.0.0.1 at 2016-05-18 22:31:06 +0300


Started GET "/assets/application.self-4adc7f92367f3f770b37bdc0c7025fd744a08e0efb7f0195634d1ae7493679d5.css?body=1" for 127.0.0.1 at 2016-05-18 22:31:06 +0300


Started GET "/assets/jquery_ujs.self-e87806d0cf4489aeb1bb7288016024e8de67fd18db693fe026fe3907581e53cd.js?body=1" for 127.0.0.1 at 2016-05-18 22:31:06 +0300


Started GET "/assets/application.self-71ed15c50144bc50278b1c1129a3b54d901f0c641e3087b4eed556689ded8be6.js?body=1" for 127.0.0.1 at 2016-05-18 22:31:06 +0300


Started GET "/" for 127.0.0.1 at 2016-05-18 22:31:07 +0300
Processing by MainController#index as HTML
  [1m[36mUser Load (0.4ms)[0m  [1mSELECT  "users".* FROM "users" WHERE "users"."id" = $1 LIMIT 1[0m  [["id", 1]]
  Rendered main/index.html.erb within layouts/application (0.7ms)
  Rendered shared/_header.html.erb (1.9ms)
  Rendered shared/_alert_notice.html.erb (0.7ms)
Completed 200 OK in 25ms (Views: 22.8ms | ActiveRecord: 0.4ms)


Started GET "/assets/bootstrap.self-8c0a18ef497d6248739c038ca99120e435b9d0ac33120bf065cd090558f70e73.css?body=1" for 127.0.0.1 at 2016-05-18 22:31:07 +0300


Started GET "/assets/jquery_ujs.self-e87806d0cf4489aeb1bb7288016024e8de67fd18db693fe026fe3907581e53cd.js?body=1" for 127.0.0.1 at 2016-05-18 22:31:07 +0300


Started GET "/assets/application.self-4adc7f92367f3f770b37bdc0c7025fd744a08e0efb7f0195634d1ae7493679d5.css?body=1" for 127.0.0.1 at 2016-05-18 22:31:07 +0300


Started GET "/assets/jquery.self-660adc51e0224b731d29f575a6f1ec167ba08ad06ed5deca4f1e8654c135bf4c.js?body=1" for 127.0.0.1 at 2016-05-18 22:31:07 +0300


Started GET "/assets/application.self-71ed15c50144bc50278b1c1129a3b54d901f0c641e3087b4eed556689ded8be6.js?body=1" for 127.0.0.1 at 2016-05-18 22:31:07 +0300


Started GET "/ru/users/new" for 127.0.0.1 at 2016-05-18 22:31:08 +0300
Processing by Home::UsersController#new as HTML
  Parameters: {"locale"=>"ru"}
  [1m[35mUser Load (0.3ms)[0m  SELECT  "users".* FROM "users" WHERE "users"."id" = $1 LIMIT 1  [["id", 1]]
  Rendered home/users/_form.html.erb (38.5ms)
  Rendered home/users/new.html.erb within layouts/application (43.2ms)
  Rendered shared/_header.html.erb (1.2ms)
  Rendered shared/_alert_notice.html.erb (0.3ms)
Completed 200 OK in 76ms (Views: 57.3ms | ActiveRecord: 1.9ms)


Started POST "/ru/users" for 127.0.0.1 at 2016-05-18 22:31:16 +0300
Processing by Home::UsersController#create as HTML
  Parameters: {"utf8"=>"✓", "authenticity_token"=>"ziCjqdUfGrLv4o+z9Sfm+lVddFWtAaAhyT1xiIhVIMIStCeqqOIearGIMykXAedKNEbLx0u4FVXUpxci3gXszQ==", "user"=>{"email"=>"diethart19@gmail.com", "password"=>"[FILTERED]", "password_confirmation"=>"[FILTERED]"}, "commit"=>"Зарегистрироваться", "locale"=>"ru"}
  [1m[36mUser Load (0.2ms)[0m  [1mSELECT  "users".* FROM "users" WHERE "users"."id" = $1 LIMIT 1[0m  [["id", 1]]
  [1m[35m (0.1ms)[0m  BEGIN
  [1m[36mUser Exists (0.6ms)[0m  [1mSELECT  1 AS one FROM "users" WHERE "users"."email" = 'diethart19@gmail.com' LIMIT 1[0m
  [1m[35mSQL (0.2ms)[0m  INSERT INTO "users" ("email", "locale", "salt", "crypted_password", "created_at", "updated_at") VALUES ($1, $2, $3, $4, $5, $6) RETURNING "id"  [["email", "diethart19@gmail.com"], ["locale", "ru"], ["salt", "445YDSs9dzz9ZFNCUPZU"], ["crypted_password", "$2a$10$GMuZJ9j4Q1.IvI9k1nKBVOTFQTBXy7vj61mNpThQy.sORJtVGu9lC"], ["created_at", "2016-05-18 19:31:16.288748"], ["updated_at", "2016-05-18 19:31:16.288748"]]
  [1m[36m (0.5ms)[0m  [1mCOMMIT[0m
Redirected to http://localhost:3000/ru
Completed 302 Found in 135ms (ActiveRecord: 1.6ms)


Started GET "/ru" for 127.0.0.1 at 2016-05-18 22:31:16 +0300
Processing by MainController#index as HTML
  Parameters: {"locale"=>"ru"}
  [1m[35mUser Load (0.3ms)[0m  SELECT  "users".* FROM "users" WHERE "users"."id" = $1 LIMIT 1  [["id", 2]]
  Rendered main/index.html.erb within layouts/application (0.4ms)
  Rendered shared/_header.html.erb (2.0ms)
  Rendered shared/_alert_notice.html.erb (0.4ms)
Completed 200 OK in 15ms (Views: 13.0ms | ActiveRecord: 0.3ms)


Started GET "/ru/blocks" for 127.0.0.1 at 2016-05-18 22:31:18 +0300
Processing by Dashboard::BlocksController#index as HTML
  Parameters: {"locale"=>"ru"}
  [1m[36mUser Load (0.3ms)[0m  [1mSELECT  "users".* FROM "users" WHERE "users"."id" = $1 LIMIT 1[0m  [["id", 2]]
  [1m[35mBlock Load (0.3ms)[0m  SELECT "blocks".* FROM "blocks" WHERE "blocks"."user_id" = $1  ORDER BY title  [["user_id", 2]]
  Rendered dashboard/blocks/index.html.erb within layouts/application (4.9ms)
  Rendered shared/_header.html.erb (4.7ms)
  Rendered shared/_alert_notice.html.erb (1.0ms)
Completed 200 OK in 78ms (Views: 55.5ms | ActiveRecord: 1.3ms)


Started GET "/ru/trainer" for 127.0.0.1 at 2016-05-18 22:31:18 +0300
Processing by Dashboard::TrainerController#index as HTML
  Parameters: {"locale"=>"ru"}
  [1m[36mUser Load (0.2ms)[0m  [1mSELECT  "users".* FROM "users" WHERE "users"."id" = $1 LIMIT 1[0m  [["id", 2]]
  [1m[35mCard Load (0.3ms)[0m  SELECT  "cards".* FROM "cards" WHERE "cards"."user_id" = $1 AND (review_date <= '2016-05-18 19:31:18.510841')  ORDER BY RANDOM() LIMIT 1  [["user_id", 2]]
  [1m[36mCard Load (0.2ms)[0m  [1mSELECT  "cards".* FROM "cards" WHERE "cards"."user_id" = $1 AND (quality < 4)  ORDER BY RANDOM() LIMIT 1[0m  [["user_id", 2]]
  Rendered dashboard/trainer/_review_form.erb (1.9ms)
  Rendered dashboard/trainer/index.html.erb within layouts/application (3.2ms)
  Rendered shared/_header.html.erb (3.4ms)
  Rendered shared/_alert_notice.html.erb (0.7ms)
Completed 200 OK in 57ms (Views: 31.0ms | ActiveRecord: 1.4ms)


Started GET "/ru/blocks" for 127.0.0.1 at 2016-05-18 22:33:00 +0300
Processing by Dashboard::BlocksController#index as HTML
  Parameters: {"locale"=>"ru"}
  [1m[35mUser Load (0.2ms)[0m  SELECT  "users".* FROM "users" WHERE "users"."id" = $1 LIMIT 1  [["id", 2]]
  [1m[36mBlock Load (0.2ms)[0m  [1mSELECT "blocks".* FROM "blocks" WHERE "blocks"."user_id" = $1  ORDER BY title[0m  [["user_id", 2]]
  Rendered dashboard/blocks/index.html.erb within layouts/application (2.2ms)
  Rendered shared/_header.html.erb (1.6ms)
  Rendered shared/_alert_notice.html.erb (0.3ms)
Completed 200 OK in 20ms (Views: 15.9ms | ActiveRecord: 0.4ms)


Started GET "/ru/trainer" for 127.0.0.1 at 2016-05-18 22:33:01 +0300
Processing by Dashboard::TrainerController#index as HTML
  Parameters: {"locale"=>"ru"}
  [1m[35mUser Load (0.2ms)[0m  SELECT  "users".* FROM "users" WHERE "users"."id" = $1 LIMIT 1  [["id", 2]]
  [1m[36mCard Load (0.2ms)[0m  [1mSELECT  "cards".* FROM "cards" WHERE "cards"."user_id" = $1 AND (review_date <= '2016-05-18 19:33:01.592366')  ORDER BY RANDOM() LIMIT 1[0m  [["user_id", 2]]
  [1m[35mCard Load (0.1ms)[0m  SELECT  "cards".* FROM "cards" WHERE "cards"."user_id" = $1 AND (quality < 4)  ORDER BY RANDOM() LIMIT 1  [["user_id", 2]]
  Rendered dashboard/trainer/_review_form.erb (0.4ms)
  Rendered dashboard/trainer/index.html.erb within layouts/application (1.1ms)
  Rendered shared/_header.html.erb (1.4ms)
  Rendered shared/_alert_notice.html.erb (0.3ms)
Completed 200 OK in 15ms (Views: 11.4ms | ActiveRecord: 0.5ms)


Started POST "/ru/logout" for 127.0.0.1 at 2016-05-18 22:33:03 +0300
Processing by Dashboard::UserSessionsController#destroy as HTML
  Parameters: {"authenticity_token"=>"9f20YtD0SDgANFTNLJongrsii3myMWYS+D0aoKdxVHApaTBhrQlM4F5e6FfOvCYy2jk061SI02blp3wK8SGYfw==", "locale"=>"ru"}
  [1m[36mUser Load (0.3ms)[0m  [1mSELECT  "users".* FROM "users" WHERE "users"."id" = $1 LIMIT 1[0m  [["id", 2]]
  [1m[35mSQL (0.7ms)[0m  UPDATE "users" SET "remember_me_token" = NULL, "remember_me_token_expires_at" = NULL WHERE "users"."id" = $1  [["id", 2]]
Redirected to http://localhost:3000/ru/login
Completed 302 Found in 4ms (ActiveRecord: 1.0ms)


Started GET "/ru/login" for 127.0.0.1 at 2016-05-18 22:33:03 +0300
Processing by Home::UserSessionsController#new as HTML
  Parameters: {"locale"=>"ru"}
  Rendered home/user_sessions/_form.html.erb (1.9ms)
  Rendered home/user_sessions/new.html.erb within layouts/application (4.9ms)
  Rendered shared/_header.html.erb (2.5ms)
  Rendered shared/_alert_notice.html.erb (0.6ms)
Completed 200 OK in 22ms (Views: 21.1ms | ActiveRecord: 0.0ms)


Started GET "/home" for 127.0.0.1 at 2016-05-18 22:33:07 +0300
[Rollbar] Reporting exception: No route matches [GET] "/home"
[Rollbar] Scheduling item
[Rollbar] Sending item
[Rollbar] Got unexpected status code from Rollbar api: 400
[Rollbar] Response: {
  "err": 1,
  "message": "access token required"
}
[Rollbar] Details: https://rollbar.com/instance/uuid?uuid=1106f1d5-5bb6-4689-bb55-207fe15118f6 (only available if report was successful)
[Rollbar] Exception uuid saved in env: 1106f1d5-5bb6-4689-bb55-207fe15118f6

ActionController::RoutingError (No route matches [GET] "/home"):
  actionpack (4.2.6) lib/action_dispatch/middleware/debug_exceptions.rb:21:in `call'
  rollbar (2.11.3) lib/rollbar/middleware/rails/show_exceptions.rb:22:in `call_with_rollbar'
  newrelic_rpm (3.15.2.317) lib/new_relic/agent/instrumentation/middleware_tracing.rb:96:in `call'
  actionpack (4.2.6) lib/action_dispatch/middleware/show_exceptions.rb:30:in `call'
  newrelic_rpm (3.15.2.317) lib/new_relic/agent/instrumentation/middleware_tracing.rb:96:in `call'
  railties (4.2.6) lib/rails/rack/logger.rb:38:in `call_app'
  railties (4.2.6) lib/rails/rack/logger.rb:20:in `block in call'
  activesupport (4.2.6) lib/active_support/tagged_logging.rb:68:in `block in tagged'
  activesupport (4.2.6) lib/active_support/tagged_logging.rb:26:in `tagged'
  activesupport (4.2.6) lib/active_support/tagged_logging.rb:68:in `tagged'
  railties (4.2.6) lib/rails/rack/logger.rb:20:in `call'
  newrelic_rpm (3.15.2.317) lib/new_relic/agent/instrumentation/middleware_tracing.rb:96:in `call'
  actionpack (4.2.6) lib/action_dispatch/middleware/request_id.rb:21:in `call'
  newrelic_rpm (3.15.2.317) lib/new_relic/agent/instrumentation/middleware_tracing.rb:96:in `call'
  rack (1.6.4) lib/rack/methodoverride.rb:22:in `call'
  newrelic_rpm (3.15.2.317) lib/new_relic/agent/instrumentation/middleware_tracing.rb:96:in `call'
  rack (1.6.4) lib/rack/runtime.rb:18:in `call'
  newrelic_rpm (3.15.2.317) lib/new_relic/agent/instrumentation/middleware_tracing.rb:96:in `call'
  activesupport (4.2.6) lib/active_support/cache/strategy/local_cache_middleware.rb:28:in `call'
  newrelic_rpm (3.15.2.317) lib/new_relic/agent/instrumentation/middleware_tracing.rb:96:in `call'
  rack (1.6.4) lib/rack/lock.rb:17:in `call'
  newrelic_rpm (3.15.2.317) lib/new_relic/agent/instrumentation/middleware_tracing.rb:96:in `call'
  actionpack (4.2.6) lib/action_dispatch/middleware/static.rb:120:in `call'
  newrelic_rpm (3.15.2.317) lib/new_relic/agent/instrumentation/middleware_tracing.rb:96:in `call'
  rack (1.6.4) lib/rack/sendfile.rb:113:in `call'
  newrelic_rpm (3.15.2.317) lib/new_relic/agent/instrumentation/middleware_tracing.rb:96:in `call'
  railties (4.2.6) lib/rails/engine.rb:518:in `call'
  railties (4.2.6) lib/rails/application.rb:165:in `call'
  newrelic_rpm (3.15.2.317) lib/new_relic/agent/instrumentation/middleware_tracing.rb:96:in `call'
  rack (1.6.4) lib/rack/lock.rb:17:in `call'
  rack (1.6.4) lib/rack/content_length.rb:15:in `call'
  rack (1.6.4) lib/rack/handler/webrick.rb:88:in `service'
  /home/diethart/.rvm/rubies/ruby-2.3.0/lib/ruby/2.3.0/webrick/httpserver.rb:140:in `service'
  /home/diethart/.rvm/rubies/ruby-2.3.0/lib/ruby/2.3.0/webrick/httpserver.rb:96:in `run'
  /home/diethart/.rvm/rubies/ruby-2.3.0/lib/ruby/2.3.0/webrick/server.rb:296:in `block in start_thread'


  Rendered /home/diethart/.rvm/gems/ruby-2.3.0/gems/actionpack-4.2.6/lib/action_dispatch/middleware/templates/rescues/_trace.html.erb (1.7ms)
  Rendered /home/diethart/.rvm/gems/ruby-2.3.0/gems/actionpack-4.2.6/lib/action_dispatch/middleware/templates/routes/_route.html.erb (6.5ms)
  Rendered /home/diethart/.rvm/gems/ruby-2.3.0/gems/actionpack-4.2.6/lib/action_dispatch/middleware/templates/routes/_table.html.erb (10.1ms)
  Rendered /home/diethart/.rvm/gems/ruby-2.3.0/gems/actionpack-4.2.6/lib/action_dispatch/middleware/templates/rescues/_request_and_response.html.erb (1.9ms)
  Rendered /home/diethart/.rvm/gems/ruby-2.3.0/gems/actionpack-4.2.6/lib/action_dispatch/middleware/templates/rescues/routing_error.html.erb within rescues/layout (73.6ms)


Started GET "/en" for 127.0.0.1 at 2016-05-18 22:33:13 +0300
Processing by MainController#index as HTML
  Parameters: {"locale"=>"en"}
  Rendered main/index.html.erb within layouts/application (1.0ms)
  Rendered shared/_header.html.erb (1.4ms)
  Rendered shared/_alert_notice.html.erb (0.6ms)
Completed 200 OK in 26ms (Views: 21.2ms | ActiveRecord: 0.0ms)


Started GET "/en/users/new" for 127.0.0.1 at 2016-05-18 22:33:15 +0300
Processing by Home::UsersController#new as HTML
  Parameters: {"locale"=>"en"}
  Rendered home/users/_form.html.erb (4.7ms)
  Rendered home/users/new.html.erb within layouts/application (7.8ms)
  Rendered shared/_header.html.erb (1.2ms)
  Rendered shared/_alert_notice.html.erb (0.4ms)
Completed 200 OK in 27ms (Views: 26.1ms | ActiveRecord: 0.0ms)


Started GET "/en/login" for 127.0.0.1 at 2016-05-18 22:33:18 +0300
Processing by Home::UserSessionsController#new as HTML
  Parameters: {"locale"=>"en"}
  Rendered home/user_sessions/_form.html.erb (1.4ms)
  Rendered home/user_sessions/new.html.erb within layouts/application (3.1ms)
  Rendered shared/_header.html.erb (1.3ms)
  Rendered shared/_alert_notice.html.erb (4.3ms)
Completed 200 OK in 22ms (Views: 20.9ms | ActiveRecord: 0.0ms)


Started POST "/en/user_sessions" for 127.0.0.1 at 2016-05-18 22:33:20 +0300
Processing by Home::UserSessionsController#create as HTML
  Parameters: {"utf8"=>"✓", "authenticity_token"=>"FtKZ4o33YvS/SOOEG7cPF8V6pOYE40Uf+dnJ1z8k6RBFWcQ95pKs3RozpQblkDpxah7hpSOMakKU4VS4S3NEyA==", "email"=>"diethart19@gmail.com", "password"=>"[FILTERED]", "commit"=>"Log in", "locale"=>"en"}
  [1m[36mUser Load (0.5ms)[0m  [1mSELECT  "users".* FROM "users" WHERE "users"."email" = 'diethart19@gmail.com'  ORDER BY "users"."id" ASC LIMIT 1[0m
Redirected to http://localhost:3000/en
Completed 302 Found in 117ms (ActiveRecord: 0.5ms)


Started GET "/en" for 127.0.0.1 at 2016-05-18 22:33:20 +0300
Processing by MainController#index as HTML
  Parameters: {"locale"=>"en"}
  [1m[35mUser Load (0.3ms)[0m  SELECT  "users".* FROM "users" WHERE "users"."id" = $1 LIMIT 1  [["id", 2]]
  Rendered main/index.html.erb within layouts/application (0.4ms)
  Rendered shared/_header.html.erb (1.6ms)
  Rendered shared/_alert_notice.html.erb (0.3ms)
Completed 200 OK in 37ms (Views: 35.1ms | ActiveRecord: 0.3ms)


Started GET "/ru/trainer" for 127.0.0.1 at 2016-05-18 22:33:22 +0300
Processing by Dashboard::TrainerController#index as HTML
  Parameters: {"locale"=>"ru"}
  [1m[36mUser Load (0.2ms)[0m  [1mSELECT  "users".* FROM "users" WHERE "users"."id" = $1 LIMIT 1[0m  [["id", 2]]
  [1m[35mCard Load (0.2ms)[0m  SELECT  "cards".* FROM "cards" WHERE "cards"."user_id" = $1 AND (review_date <= '2016-05-18 19:33:22.552010')  ORDER BY RANDOM() LIMIT 1  [["user_id", 2]]
  [1m[36mCard Load (0.1ms)[0m  [1mSELECT  "cards".* FROM "cards" WHERE "cards"."user_id" = $1 AND (quality < 4)  ORDER BY RANDOM() LIMIT 1[0m  [["user_id", 2]]
  Rendered dashboard/trainer/_review_form.erb (0.3ms)
  Rendered dashboard/trainer/index.html.erb within layouts/application (1.2ms)
  Rendered shared/_header.html.erb (2.5ms)
  Rendered shared/_alert_notice.html.erb (0.4ms)
Completed 200 OK in 22ms (Views: 17.5ms | ActiveRecord: 0.5ms)


Started GET "/ru/trainer" for 127.0.0.1 at 2016-05-18 22:33:24 +0300
Processing by Dashboard::TrainerController#index as HTML
  Parameters: {"locale"=>"ru"}
  [1m[35mUser Load (0.1ms)[0m  SELECT  "users".* FROM "users" WHERE "users"."id" = $1 LIMIT 1  [["id", 2]]
  [1m[36mCard Load (0.2ms)[0m  [1mSELECT  "cards".* FROM "cards" WHERE "cards"."user_id" = $1 AND (review_date <= '2016-05-18 19:33:24.076794')  ORDER BY RANDOM() LIMIT 1[0m  [["user_id", 2]]
  [1m[35mCard Load (0.1ms)[0m  SELECT  "cards".* FROM "cards" WHERE "cards"."user_id" = $1 AND (quality < 4)  ORDER BY RANDOM() LIMIT 1  [["user_id", 2]]
  Rendered dashboard/trainer/_review_form.erb (0.3ms)
  Rendered dashboard/trainer/index.html.erb within layouts/application (4.2ms)
  Rendered shared/_header.html.erb (1.8ms)
  Rendered shared/_alert_notice.html.erb (0.4ms)
Completed 200 OK in 20ms (Views: 16.2ms | ActiveRecord: 0.5ms)


Started GET "/ru/blocks" for 127.0.0.1 at 2016-05-18 22:33:25 +0300
Processing by Dashboard::BlocksController#index as HTML
  Parameters: {"locale"=>"ru"}
  [1m[36mUser Load (1.0ms)[0m  [1mSELECT  "users".* FROM "users" WHERE "users"."id" = $1 LIMIT 1[0m  [["id", 2]]
  [1m[35mBlock Load (0.4ms)[0m  SELECT "blocks".* FROM "blocks" WHERE "blocks"."user_id" = $1  ORDER BY title  [["user_id", 2]]
  Rendered dashboard/blocks/index.html.erb within layouts/application (1.5ms)
  Rendered shared/_header.html.erb (1.5ms)
  Rendered shared/_alert_notice.html.erb (0.3ms)
Completed 200 OK in 30ms (Views: 21.9ms | ActiveRecord: 1.3ms)


Started GET "/ru/trainer" for 127.0.0.1 at 2016-05-18 22:33:25 +0300
Processing by Dashboard::TrainerController#index as HTML
  Parameters: {"locale"=>"ru"}
  [1m[36mUser Load (0.2ms)[0m  [1mSELECT  "users".* FROM "users" WHERE "users"."id" = $1 LIMIT 1[0m  [["id", 2]]
  [1m[35mCard Load (0.2ms)[0m  SELECT  "cards".* FROM "cards" WHERE "cards"."user_id" = $1 AND (review_date <= '2016-05-18 19:33:25.638609')  ORDER BY RANDOM() LIMIT 1  [["user_id", 2]]
  [1m[36mCard Load (0.6ms)[0m  [1mSELECT  "cards".* FROM "cards" WHERE "cards"."user_id" = $1 AND (quality < 4)  ORDER BY RANDOM() LIMIT 1[0m  [["user_id", 2]]
  Rendered dashboard/trainer/_review_form.erb (0.5ms)
  Rendered dashboard/trainer/index.html.erb within layouts/application (1.5ms)
  Rendered shared/_header.html.erb (2.5ms)
  Rendered shared/_alert_notice.html.erb (0.3ms)
Completed 200 OK in 22ms (Views: 16.4ms | ActiveRecord: 1.1ms)


Started GET "/trainer" for 127.0.0.1 at 2016-05-18 22:33:28 +0300
Processing by Dashboard::TrainerController#index as HTML
  [1m[35mUser Load (0.2ms)[0m  SELECT  "users".* FROM "users" WHERE "users"."id" = $1 LIMIT 1  [["id", 2]]
  [1m[36mCard Load (0.2ms)[0m  [1mSELECT  "cards".* FROM "cards" WHERE "cards"."user_id" = $1 AND (review_date <= '2016-05-18 19:33:28.398099')  ORDER BY RANDOM() LIMIT 1[0m  [["user_id", 2]]
  [1m[35mCard Load (0.1ms)[0m  SELECT  "cards".* FROM "cards" WHERE "cards"."user_id" = $1 AND (quality < 4)  ORDER BY RANDOM() LIMIT 1  [["user_id", 2]]
  Rendered dashboard/trainer/_review_form.erb (0.3ms)
  Rendered dashboard/trainer/index.html.erb within layouts/application (1.1ms)
  Rendered shared/_header.html.erb (3.1ms)
  Rendered shared/_alert_notice.html.erb (0.3ms)
Completed 200 OK in 18ms (Views: 13.6ms | ActiveRecord: 0.5ms)


Started GET "/ru/blocks" for 127.0.0.1 at 2016-05-18 22:33:30 +0300
Processing by Dashboard::BlocksController#index as HTML
  Parameters: {"locale"=>"ru"}
  [1m[36mUser Load (0.2ms)[0m  [1mSELECT  "users".* FROM "users" WHERE "users"."id" = $1 LIMIT 1[0m  [["id", 2]]
  [1m[35mBlock Load (0.2ms)[0m  SELECT "blocks".* FROM "blocks" WHERE "blocks"."user_id" = $1  ORDER BY title  [["user_id", 2]]
  Rendered dashboard/blocks/index.html.erb within layouts/application (1.2ms)
  Rendered shared/_header.html.erb (1.5ms)
  Rendered shared/_alert_notice.html.erb (0.4ms)
Completed 200 OK in 15ms (Views: 12.4ms | ActiveRecord: 0.4ms)


Started GET "/ru/blocks/new" for 127.0.0.1 at 2016-05-18 22:33:31 +0300
Processing by Dashboard::BlocksController#new as HTML
  Parameters: {"locale"=>"ru"}
  [1m[36mUser Load (0.1ms)[0m  [1mSELECT  "users".* FROM "users" WHERE "users"."id" = $1 LIMIT 1[0m  [["id", 2]]
  Rendered dashboard/blocks/_form.html.erb (3.2ms)
  Rendered dashboard/blocks/new.html.erb within layouts/application (4.4ms)
  Rendered shared/_header.html.erb (1.8ms)
  Rendered shared/_alert_notice.html.erb (0.3ms)
Completed 200 OK in 21ms (Views: 16.1ms | ActiveRecord: 0.5ms)


Started GET "/ru/cards" for 127.0.0.1 at 2016-05-18 22:33:32 +0300
Processing by Dashboard::CardsController#index as HTML
  Parameters: {"locale"=>"ru"}
  [1m[35mUser Load (1.1ms)[0m  SELECT  "users".* FROM "users" WHERE "users"."id" = $1 LIMIT 1  [["id", 2]]
  [1m[36mCard Load (0.3ms)[0m  [1mSELECT "cards".* FROM "cards" WHERE "cards"."user_id" = $1  ORDER BY review_date[0m  [["user_id", 2]]
  Rendered dashboard/cards/index.html.erb within layouts/application (2.9ms)
  Rendered shared/_header.html.erb (4.6ms)
  Rendered shared/_alert_notice.html.erb (0.6ms)
Completed 200 OK in 24ms (Views: 20.8ms | ActiveRecord: 1.3ms)


Started GET "/ru/cards/new" for 127.0.0.1 at 2016-05-18 22:33:33 +0300
Processing by Dashboard::CardsController#new as HTML
  Parameters: {"locale"=>"ru"}
  [1m[35mUser Load (0.2ms)[0m  SELECT  "users".* FROM "users" WHERE "users"."id" = $1 LIMIT 1  [["id", 2]]
  [1m[36mBlock Load (0.3ms)[0m  [1mSELECT "blocks".* FROM "blocks" WHERE "blocks"."user_id" = $1  ORDER BY title[0m  [["user_id", 2]]
  Rendered dashboard/cards/_form.html.erb (19.4ms)
  Rendered dashboard/cards/new.html.erb within layouts/application (20.4ms)
  Rendered shared/_header.html.erb (2.1ms)
  Rendered shared/_alert_notice.html.erb (0.4ms)
Completed 200 OK in 52ms (Views: 42.4ms | ActiveRecord: 1.0ms)


Started GET "/ru/profile/2/edit" for 127.0.0.1 at 2016-05-18 22:33:34 +0300
Processing by Dashboard::ProfileController#edit as HTML
  Parameters: {"id"=>"2", "locale"=>"ru"}
  [1m[35mUser Load (0.3ms)[0m  SELECT  "users".* FROM "users" WHERE "users"."id" = $1 LIMIT 1  [["id", 2]]
  Rendered dashboard/profile/_form.html.erb (8.5ms)
  Rendered dashboard/profile/edit.html.erb within layouts/application (9.9ms)
  Rendered shared/_header.html.erb (1.6ms)
  Rendered shared/_alert_notice.html.erb (0.3ms)
Completed 200 OK in 28ms (Views: 25.6ms | ActiveRecord: 0.3ms)
